{"uuid":"ad1796fd-6609-444b-9ee4-720a63fcf183","name":"Checking Menu and Sub Menu Items Visiblity","historyId":"d15a51daa498a3a6d96f2e06220770ce:b444eb0fbe6390c71e68b51dd25701fc","status":"failed","statusDetails":{"message":"Error: browserContext.close: Test ended.\nBrowser logs:\n\n<launching> C:\\Users\\USER\\AppData\\Local\\ms-playwright\\firefox-1497\\firefox\\firefox.exe -no-remote -wait-for-browser -foreground -profile C:\\Users\\USER\\AppData\\Local\\Temp\\playwright_firefoxdev_profile-XXXXXXVVAura -juggler-pipe -width=1520 -height=1080 -silent\n<launched> pid=28336\n[pid=28336][err] JavaScript warning: resource://services-settings/Utils.sys.mjs, line 116: unreachable code after return statement\n[pid=28336][out] console.warn: services.settings: Ignoring preference override of remote settings server\n[pid=28336][out] console.warn: services.settings: Allow by setting MOZ_REMOTE_SETTINGS_DEVTOOLS=1 in the environment\n[pid=28336][out] \n[pid=28336][out] Juggler listening to the pipe\n[pid=28336][out] console.error: \"Warning: unrecognized command line flag\" \"-foreground\"\n[pid=28336][out] console.error: \"Warning: unrecognized command line flag\" \"-height\"\n[pid=28336][err] JavaScript error: resource://gre/modules/ShortcutUtils.sys.mjs, line 143: TypeError: can't access property \"toUpperCase\", keyAttribute is null\n[pid=28336][err] JavaScript error: chrome://browser/content/tabbrowser/tabbrowser.js, line 7497: TypeError: can't access property \"preserveLayers\", this.selectedBrowser is undefined\n[pid=28336][err] JavaScript error: chrome://juggler/content/TargetRegistry.js, line 151: TypeError: can't access property \"browsingContext\", tab.linkedBrowser is undefined\n[pid=28336][err] JavaScript error: chrome://juggler/content/Helper.js, line 82: NS_ERROR_FAILURE: Component returned failure code: 0x80004005 (NS_ERROR_FAILURE) [nsIWebProgress.removeProgressListener]\n[pid=28336][err] JavaScript error: resource:///modules/sessionstore/SessionStore.sys.mjs, line 3192: TypeError: can't access property \"addEventListener\", browser is undefined\n[pid=28336][err] JavaScript error: chrome://browser/content/tabbrowser/tabbrowser.js, line 7558: TypeError: can't access property \"updateLastSeenActive\", this.selectedTab is undefined\n[pid=28336][out] console.error: (new TypeError(\"can't access property \\\"owner\\\", this.selectedTab is undefined\", \"chrome://browser/content/tabbrowser/tabbrowser.js\", 2880))\n[pid=28336][out] console.error: \"Error in processing browser-window-delayed-startup for TaskbarTabsPageAction.init\"\n[pid=28336][out] console.error: (new TypeError(\"can't access property \\\"currentURI\\\", this.selectedBrowser is undefined\", \"chrome://browser/content/tabbrowser/tabbrowser.js\", 680))\n[pid=28336][out] console.error: services.settings: \n[pid=28336][out]   Message: EmptyDatabaseError: \"main/nimbus-desktop-experiments\" has not been synced yet\n[pid=28336][out]   Stack:\n[pid=28336][out]     EmptyDatabaseError@resource://services-settings/Database.sys.mjs:19:5\n[pid=28336][out] list@resource://services-settings/Database.sys.mjs:96:13\n[pid=28336][out] \n[pid=28336][err] JavaScript error: chrome://juggler/content/Helper.js, line 82: NS_ERROR_FAILURE: Component returned failure code: 0x80004005 (NS_ERROR_FAILURE) [nsIWebProgress.removeProgressListener]\n[pid=28336][out] console.error: services.settings: \n[pid=28336][out]   Message: EmptyDatabaseError: \"main/nimbus-secure-experiments\" has not been synced yet\n[pid=28336][out]   Stack:\n[pid=28336][out]     EmptyDatabaseError@resource://services-settings/Database.sys.mjs:19:5\n[pid=28336][out] list@resource://services-settings/Database.sys.mjs:96:13\n[pid=28336][out] \n[pid=28336][out] console.warn: services.settings: #fetchAttachment: Forcing fallbackToDump to false due to Utils.LOAD_DUMPS being false\n[pid=28336][out] console.error: (new NotFoundError(\"Could not find fa0fc42c-d91d-fca7-34eb-806ff46062dc in cache or dump\", \"resource://services-settings/Attachments.sys.mjs\", 48))\n[pid=28336][out] console.warn: \"Unable to find the attachment for\" \"fa0fc42c-d91d-fca7-34eb-806ff46062dc\"\n[pid=28336][out] console.error: \"Error in processing browser-idle-startup for RFPHelper.init\"\n[pid=28336][out] console.error: (new TypeError(\"can't access property \\\"parentElement\\\", aBrowser is undefined\", \"resource://gre/modules/RFPHelper.sys.mjs\", 585))\n[pid=28336][err] JavaScript error: resource://gre/modules/BrowserTelemetryUtils.sys.mjs, line 38: TypeError: can't access property \"browsingContext\", browser is undefined\n[pid=28336][err] JavaScript error: resource://gre/modules/BrowserTelemetryUtils.sys.mjs, line 38: TypeError: can't access property \"browsingContext\", browser is undefined\n[pid=28336][err] JavaScript error: resource:///modules/asrouter/ASRouterTriggerListeners.sys.mjs, line 1494: TypeError: can't access property \"getTabBrowser\", browser is undefined\n[pid=28336][err] JavaScript error: chrome://browser/content/tabbrowser/tabbrowser.js, line 7558: TypeError: can't access property \"updateLastSeenActive\", this.selectedTab is undefined\n[pid=28336][err] JavaScript error: chrome://browser/content/tabbrowser/tabbrowser.js, line 7497: TypeError: can't access property \"preserveLayers\", this.selectedBrowser is undefined\n[pid=28336][err] JavaScript error: chrome://browser/content/tabbrowser/tabbrowser.js, line 7497: TypeError: can't access property \"preserveLayers\", this.selectedBrowser is undefined\n[pid=28336][err] JavaScript error: chrome://browser/content/tabbrowser/tabbrowser.js, line 7558: TypeError: can't access property \"updateLastSeenActive\", this.selectedTab is undefined\n[pid=28336][err] JavaScript error: chrome://browser/content/tabbrowser/tabbrowser.js, line 7497: TypeError: can't access property \"preserveLayers\", this.selectedBrowser is undefined\n[pid=28336][err] JavaScript error: chrome://browser/content/tabbrowser/tabbrowser.js, line 7497: TypeError: can't access property \"preserveLayers\", this.selectedBrowser is undefined\n[pid=28336][err] JavaScript error: chrome://browser/content/browser.js, line 3740: TypeError: can't access property \"isConnected\", browser is undefined\n[pid=28336][err] JavaScript error: chrome://browser/content/browser.js, line 3740: TypeError: can't access property \"isConnected\", browser is undefined\n[pid=28336][err] JavaScript error: chrome://browser/content/tabbrowser/tabbrowser.js, line 7497: TypeError: can't access property \"preserveLayers\", this.selectedBrowser is undefined\n[pid=28336][err] JavaScript error: chrome://browser/content/tabbrowser/tabbrowser.js, line 7497: TypeError: can't access property \"preserveLayers\", this.selectedBrowser is undefined","trace":"Error: browserContext.close: Test ended.\nBrowser logs:\n\n<launching> C:\\Users\\USER\\AppData\\Local\\ms-playwright\\firefox-1497\\firefox\\firefox.exe -no-remote -wait-for-browser -foreground -profile C:\\Users\\USER\\AppData\\Local\\Temp\\playwright_firefoxdev_profile-XXXXXXVVAura -juggler-pipe -width=1520 -height=1080 -silent\n<launched> pid=28336\n[pid=28336][err] JavaScript warning: resource://services-settings/Utils.sys.mjs, line 116: unreachable code after return statement\n[pid=28336][out] console.warn: services.settings: Ignoring preference override of remote settings server\n[pid=28336][out] console.warn: services.settings: Allow by setting MOZ_REMOTE_SETTINGS_DEVTOOLS=1 in the environment\n[pid=28336][out] \n[pid=28336][out] Juggler listening to the pipe\n[pid=28336][out] console.error: \"Warning: unrecognized command line flag\" \"-foreground\"\n[pid=28336][out] console.error: \"Warning: unrecognized command line flag\" \"-height\"\n[pid=28336][err] JavaScript error: resource://gre/modules/ShortcutUtils.sys.mjs, line 143: TypeError: can't access property \"toUpperCase\", keyAttribute is null\n[pid=28336][err] JavaScript error: chrome://browser/content/tabbrowser/tabbrowser.js, line 7497: TypeError: can't access property \"preserveLayers\", this.selectedBrowser is undefined\n[pid=28336][err] JavaScript error: chrome://juggler/content/TargetRegistry.js, line 151: TypeError: can't access property \"browsingContext\", tab.linkedBrowser is undefined\n[pid=28336][err] JavaScript error: chrome://juggler/content/Helper.js, line 82: NS_ERROR_FAILURE: Component returned failure code: 0x80004005 (NS_ERROR_FAILURE) [nsIWebProgress.removeProgressListener]\n[pid=28336][err] JavaScript error: resource:///modules/sessionstore/SessionStore.sys.mjs, line 3192: TypeError: can't access property \"addEventListener\", browser is undefined\n[pid=28336][err] JavaScript error: chrome://browser/content/tabbrowser/tabbrowser.js, line 7558: TypeError: can't access property \"updateLastSeenActive\", this.selectedTab is undefined\n[pid=28336][out] console.error: (new TypeError(\"can't access property \\\"owner\\\", this.selectedTab is undefined\", \"chrome://browser/content/tabbrowser/tabbrowser.js\", 2880))\n[pid=28336][out] console.error: \"Error in processing browser-window-delayed-startup for TaskbarTabsPageAction.init\"\n[pid=28336][out] console.error: (new TypeError(\"can't access property \\\"currentURI\\\", this.selectedBrowser is undefined\", \"chrome://browser/content/tabbrowser/tabbrowser.js\", 680))\n[pid=28336][out] console.error: services.settings: \n[pid=28336][out]   Message: EmptyDatabaseError: \"main/nimbus-desktop-experiments\" has not been synced yet\n[pid=28336][out]   Stack:\n[pid=28336][out]     EmptyDatabaseError@resource://services-settings/Database.sys.mjs:19:5\n[pid=28336][out] list@resource://services-settings/Database.sys.mjs:96:13\n[pid=28336][out] \n[pid=28336][err] JavaScript error: chrome://juggler/content/Helper.js, line 82: NS_ERROR_FAILURE: Component returned failure code: 0x80004005 (NS_ERROR_FAILURE) [nsIWebProgress.removeProgressListener]\n[pid=28336][out] console.error: services.settings: \n[pid=28336][out]   Message: EmptyDatabaseError: \"main/nimbus-secure-experiments\" has not been synced yet\n[pid=28336][out]   Stack:\n[pid=28336][out]     EmptyDatabaseError@resource://services-settings/Database.sys.mjs:19:5\n[pid=28336][out] list@resource://services-settings/Database.sys.mjs:96:13\n[pid=28336][out] \n[pid=28336][out] console.warn: services.settings: #fetchAttachment: Forcing fallbackToDump to false due to Utils.LOAD_DUMPS being false\n[pid=28336][out] console.error: (new NotFoundError(\"Could not find fa0fc42c-d91d-fca7-34eb-806ff46062dc in cache or dump\", \"resource://services-settings/Attachments.sys.mjs\", 48))\n[pid=28336][out] console.warn: \"Unable to find the attachment for\" \"fa0fc42c-d91d-fca7-34eb-806ff46062dc\"\n[pid=28336][out] console.error: \"Error in processing browser-idle-startup for RFPHelper.init\"\n[pid=28336][out] console.error: (new TypeError(\"can't access property \\\"parentElement\\\", aBrowser is undefined\", \"resource://gre/modules/RFPHelper.sys.mjs\", 585))\n[pid=28336][err] JavaScript error: resource://gre/modules/BrowserTelemetryUtils.sys.mjs, line 38: TypeError: can't access property \"browsingContext\", browser is undefined\n[pid=28336][err] JavaScript error: resource://gre/modules/BrowserTelemetryUtils.sys.mjs, line 38: TypeError: can't access property \"browsingContext\", browser is undefined\n[pid=28336][err] JavaScript error: resource:///modules/asrouter/ASRouterTriggerListeners.sys.mjs, line 1494: TypeError: can't access property \"getTabBrowser\", browser is undefined\n[pid=28336][err] JavaScript error: chrome://browser/content/tabbrowser/tabbrowser.js, line 7558: TypeError: can't access property \"updateLastSeenActive\", this.selectedTab is undefined\n[pid=28336][err] JavaScript error: chrome://browser/content/tabbrowser/tabbrowser.js, line 7497: TypeError: can't access property \"preserveLayers\", this.selectedBrowser is undefined\n[pid=28336][err] JavaScript error: chrome://browser/content/tabbrowser/tabbrowser.js, line 7497: TypeError: can't access property \"preserveLayers\", this.selectedBrowser is undefined\n[pid=28336][err] JavaScript error: chrome://browser/content/tabbrowser/tabbrowser.js, line 7558: TypeError: can't access property \"updateLastSeenActive\", this.selectedTab is undefined\n[pid=28336][err] JavaScript error: chrome://browser/content/tabbrowser/tabbrowser.js, line 7497: TypeError: can't access property \"preserveLayers\", this.selectedBrowser is undefined\n[pid=28336][err] JavaScript error: chrome://browser/content/tabbrowser/tabbrowser.js, line 7497: TypeError: can't access property \"preserveLayers\", this.selectedBrowser is undefined\n[pid=28336][err] JavaScript error: chrome://browser/content/browser.js, line 3740: TypeError: can't access property \"isConnected\", browser is undefined\n[pid=28336][err] JavaScript error: chrome://browser/content/browser.js, line 3740: TypeError: can't access property \"isConnected\", browser is undefined\n[pid=28336][err] JavaScript error: chrome://browser/content/tabbrowser/tabbrowser.js, line 7497: TypeError: can't access property \"preserveLayers\", this.selectedBrowser is undefined\n[pid=28336][err] JavaScript error: chrome://browser/content/tabbrowser/tabbrowser.js, line 7497: TypeError: can't access property \"preserveLayers\", this.selectedBrowser is undefined"},"stage":"finished","steps":[{"statusDetails":{},"stage":"running","steps":[{"status":"passed","statusDetails":{},"stage":"finished","steps":[{"status":"passed","statusDetails":{},"stage":"finished","steps":[],"attachments":[],"parameters":[],"name":"Launch browser","start":1765143721552,"uuid":"cd0d1c88-2832-4057-a3db-9d2d5633d55d","stop":1765143722436}],"attachments":[],"parameters":[],"name":"Fixture \"browser\"","start":1765143721542,"uuid":"bfb7f402-0d13-4cf5-828e-791bbdcb824b","stop":1765143722436},{"status":"passed","statusDetails":{},"stage":"finished","steps":[{"status":"passed","statusDetails":{},"stage":"finished","steps":[],"attachments":[],"parameters":[],"name":"Create context","start":1765143722445,"uuid":"f0ce8f69-1f11-47c2-a330-5638a741d9da","stop":1765143722838}],"attachments":[],"parameters":[],"name":"Fixture \"context\"","start":1765143722440,"uuid":"d0aec3e2-c256-49dc-ad24-f076018bef8b","stop":1765143722841},{"status":"failed","statusDetails":{"message":"Test timeout of 30000ms exceeded while setting up \"page\".","trace":"Test timeout of 30000ms exceeded while setting up \"page\"."},"stage":"finished","steps":[{"status":"failed","statusDetails":{"message":"Test timeout of 30000ms exceeded while setting up \"page\".","trace":"Test timeout of 30000ms exceeded while setting up \"page\"."},"stage":"finished","steps":[],"attachments":[],"parameters":[],"name":"Create page","start":1765143722849,"uuid":"5ffce8fa-8bf2-46ab-a0e1-1abfce40019b","stop":1765143749805}],"attachments":[],"parameters":[],"name":"Fixture \"page\"","start":1765143722843,"uuid":"90ac76f6-f988-4dce-b4c7-bdd6861942e6","stop":1765143751125}],"attachments":[],"parameters":[],"name":"Before Hooks","start":1765143721518,"uuid":"31a458b6-2c14-4b19-b5be-4942d1496da5"},{"status":"failed","statusDetails":{"message":"Error: browserContext.close: Test ended.\nBrowser logs:\n\n<launching> C:\\Users\\USER\\AppData\\Local\\ms-playwright\\firefox-1497\\firefox\\firefox.exe -no-remote -wait-for-browser -foreground -profile C:\\Users\\USER\\AppData\\Local\\Temp\\playwright_firefoxdev_profile-XXXXXXVVAura -juggler-pipe -width=1520 -height=1080 -silent\n<launched> pid=28336\n[pid=28336][err] JavaScript warning: resource://services-settings/Utils.sys.mjs, line 116: unreachable code after return statement\n[pid=28336][out] console.warn: services.settings: Ignoring preference override of remote settings server\n[pid=28336][out] console.warn: services.settings: Allow by setting MOZ_REMOTE_SETTINGS_DEVTOOLS=1 in the environment\n[pid=28336][out] \n[pid=28336][out] Juggler listening to the pipe\n[pid=28336][out] console.error: \"Warning: unrecognized command line flag\" \"-foreground\"\n[pid=28336][out] console.error: \"Warning: unrecognized command line flag\" \"-height\"\n[pid=28336][err] JavaScript error: resource://gre/modules/ShortcutUtils.sys.mjs, line 143: TypeError: can't access property \"toUpperCase\", keyAttribute is null\n[pid=28336][err] JavaScript error: chrome://browser/content/tabbrowser/tabbrowser.js, line 7497: TypeError: can't access property \"preserveLayers\", this.selectedBrowser is undefined\n[pid=28336][err] JavaScript error: chrome://juggler/content/TargetRegistry.js, line 151: TypeError: can't access property \"browsingContext\", tab.linkedBrowser is undefined\n[pid=28336][err] JavaScript error: chrome://juggler/content/Helper.js, line 82: NS_ERROR_FAILURE: Component returned failure code: 0x80004005 (NS_ERROR_FAILURE) [nsIWebProgress.removeProgressListener]\n[pid=28336][err] JavaScript error: resource:///modules/sessionstore/SessionStore.sys.mjs, line 3192: TypeError: can't access property \"addEventListener\", browser is undefined\n[pid=28336][err] JavaScript error: chrome://browser/content/tabbrowser/tabbrowser.js, line 7558: TypeError: can't access property \"updateLastSeenActive\", this.selectedTab is undefined\n[pid=28336][out] console.error: (new TypeError(\"can't access property \\\"owner\\\", this.selectedTab is undefined\", \"chrome://browser/content/tabbrowser/tabbrowser.js\", 2880))\n[pid=28336][out] console.error: \"Error in processing browser-window-delayed-startup for TaskbarTabsPageAction.init\"\n[pid=28336][out] console.error: (new TypeError(\"can't access property \\\"currentURI\\\", this.selectedBrowser is undefined\", \"chrome://browser/content/tabbrowser/tabbrowser.js\", 680))\n[pid=28336][out] console.error: services.settings: \n[pid=28336][out]   Message: EmptyDatabaseError: \"main/nimbus-desktop-experiments\" has not been synced yet\n[pid=28336][out]   Stack:\n[pid=28336][out]     EmptyDatabaseError@resource://services-settings/Database.sys.mjs:19:5\n[pid=28336][out] list@resource://services-settings/Database.sys.mjs:96:13\n[pid=28336][out] \n[pid=28336][err] JavaScript error: chrome://juggler/content/Helper.js, line 82: NS_ERROR_FAILURE: Component returned failure code: 0x80004005 (NS_ERROR_FAILURE) [nsIWebProgress.removeProgressListener]\n[pid=28336][out] console.error: services.settings: \n[pid=28336][out]   Message: EmptyDatabaseError: \"main/nimbus-secure-experiments\" has not been synced yet\n[pid=28336][out]   Stack:\n[pid=28336][out]     EmptyDatabaseError@resource://services-settings/Database.sys.mjs:19:5\n[pid=28336][out] list@resource://services-settings/Database.sys.mjs:96:13\n[pid=28336][out] \n[pid=28336][out] console.warn: services.settings: #fetchAttachment: Forcing fallbackToDump to false due to Utils.LOAD_DUMPS being false\n[pid=28336][out] console.error: (new NotFoundError(\"Could not find fa0fc42c-d91d-fca7-34eb-806ff46062dc in cache or dump\", \"resource://services-settings/Attachments.sys.mjs\", 48))\n[pid=28336][out] console.warn: \"Unable to find the attachment for\" \"fa0fc42c-d91d-fca7-34eb-806ff46062dc\"\n[pid=28336][out] console.error: \"Error in processing browser-idle-startup for RFPHelper.init\"\n[pid=28336][out] console.error: (new TypeError(\"can't access property \\\"parentElement\\\", aBrowser is undefined\", \"resource://gre/modules/RFPHelper.sys.mjs\", 585))\n[pid=28336][err] JavaScript error: resource://gre/modules/BrowserTelemetryUtils.sys.mjs, line 38: TypeError: can't access property \"browsingContext\", browser is undefined\n[pid=28336][err] JavaScript error: resource://gre/modules/BrowserTelemetryUtils.sys.mjs, line 38: TypeError: can't access property \"browsingContext\", browser is undefined\n[pid=28336][err] JavaScript error: resource:///modules/asrouter/ASRouterTriggerListeners.sys.mjs, line 1494: TypeError: can't access property \"getTabBrowser\", browser is undefined\n[pid=28336][err] JavaScript error: chrome://browser/content/tabbrowser/tabbrowser.js, line 7558: TypeError: can't access property \"updateLastSeenActive\", this.selectedTab is undefined\n[pid=28336][err] JavaScript error: chrome://browser/content/tabbrowser/tabbrowser.js, line 7497: TypeError: can't access property \"preserveLayers\", this.selectedBrowser is undefined\n[pid=28336][err] JavaScript error: chrome://browser/content/tabbrowser/tabbrowser.js, line 7497: TypeError: can't access property \"preserveLayers\", this.selectedBrowser is undefined\n[pid=28336][err] JavaScript error: chrome://browser/content/tabbrowser/tabbrowser.js, line 7558: TypeError: can't access property \"updateLastSeenActive\", this.selectedTab is undefined\n[pid=28336][err] JavaScript error: chrome://browser/content/tabbrowser/tabbrowser.js, line 7497: TypeError: can't access property \"preserveLayers\", this.selectedBrowser is undefined\n[pid=28336][err] JavaScript error: chrome://browser/content/tabbrowser/tabbrowser.js, line 7497: TypeError: can't access property \"preserveLayers\", this.selectedBrowser is undefined\n[pid=28336][err] JavaScript error: chrome://browser/content/browser.js, line 3740: TypeError: can't access property \"isConnected\", browser is undefined\n[pid=28336][err] JavaScript error: chrome://browser/content/browser.js, line 3740: TypeError: can't access property \"isConnected\", browser is undefined\n[pid=28336][err] JavaScript error: chrome://browser/content/tabbrowser/tabbrowser.js, line 7497: TypeError: can't access property \"preserveLayers\", this.selectedBrowser is undefined\n[pid=28336][err] JavaScript error: chrome://browser/content/tabbrowser/tabbrowser.js, line 7497: TypeError: can't access property \"preserveLayers\", this.selectedBrowser is undefined","trace":"Error: browserContext.close: Test ended.\nBrowser logs:\n\n<launching> C:\\Users\\USER\\AppData\\Local\\ms-playwright\\firefox-1497\\firefox\\firefox.exe -no-remote -wait-for-browser -foreground -profile C:\\Users\\USER\\AppData\\Local\\Temp\\playwright_firefoxdev_profile-XXXXXXVVAura -juggler-pipe -width=1520 -height=1080 -silent\n<launched> pid=28336\n[pid=28336][err] JavaScript warning: resource://services-settings/Utils.sys.mjs, line 116: unreachable code after return statement\n[pid=28336][out] console.warn: services.settings: Ignoring preference override of remote settings server\n[pid=28336][out] console.warn: services.settings: Allow by setting MOZ_REMOTE_SETTINGS_DEVTOOLS=1 in the environment\n[pid=28336][out] \n[pid=28336][out] Juggler listening to the pipe\n[pid=28336][out] console.error: \"Warning: unrecognized command line flag\" \"-foreground\"\n[pid=28336][out] console.error: \"Warning: unrecognized command line flag\" \"-height\"\n[pid=28336][err] JavaScript error: resource://gre/modules/ShortcutUtils.sys.mjs, line 143: TypeError: can't access property \"toUpperCase\", keyAttribute is null\n[pid=28336][err] JavaScript error: chrome://browser/content/tabbrowser/tabbrowser.js, line 7497: TypeError: can't access property \"preserveLayers\", this.selectedBrowser is undefined\n[pid=28336][err] JavaScript error: chrome://juggler/content/TargetRegistry.js, line 151: TypeError: can't access property \"browsingContext\", tab.linkedBrowser is undefined\n[pid=28336][err] JavaScript error: chrome://juggler/content/Helper.js, line 82: NS_ERROR_FAILURE: Component returned failure code: 0x80004005 (NS_ERROR_FAILURE) [nsIWebProgress.removeProgressListener]\n[pid=28336][err] JavaScript error: resource:///modules/sessionstore/SessionStore.sys.mjs, line 3192: TypeError: can't access property \"addEventListener\", browser is undefined\n[pid=28336][err] JavaScript error: chrome://browser/content/tabbrowser/tabbrowser.js, line 7558: TypeError: can't access property \"updateLastSeenActive\", this.selectedTab is undefined\n[pid=28336][out] console.error: (new TypeError(\"can't access property \\\"owner\\\", this.selectedTab is undefined\", \"chrome://browser/content/tabbrowser/tabbrowser.js\", 2880))\n[pid=28336][out] console.error: \"Error in processing browser-window-delayed-startup for TaskbarTabsPageAction.init\"\n[pid=28336][out] console.error: (new TypeError(\"can't access property \\\"currentURI\\\", this.selectedBrowser is undefined\", \"chrome://browser/content/tabbrowser/tabbrowser.js\", 680))\n[pid=28336][out] console.error: services.settings: \n[pid=28336][out]   Message: EmptyDatabaseError: \"main/nimbus-desktop-experiments\" has not been synced yet\n[pid=28336][out]   Stack:\n[pid=28336][out]     EmptyDatabaseError@resource://services-settings/Database.sys.mjs:19:5\n[pid=28336][out] list@resource://services-settings/Database.sys.mjs:96:13\n[pid=28336][out] \n[pid=28336][err] JavaScript error: chrome://juggler/content/Helper.js, line 82: NS_ERROR_FAILURE: Component returned failure code: 0x80004005 (NS_ERROR_FAILURE) [nsIWebProgress.removeProgressListener]\n[pid=28336][out] console.error: services.settings: \n[pid=28336][out]   Message: EmptyDatabaseError: \"main/nimbus-secure-experiments\" has not been synced yet\n[pid=28336][out]   Stack:\n[pid=28336][out]     EmptyDatabaseError@resource://services-settings/Database.sys.mjs:19:5\n[pid=28336][out] list@resource://services-settings/Database.sys.mjs:96:13\n[pid=28336][out] \n[pid=28336][out] console.warn: services.settings: #fetchAttachment: Forcing fallbackToDump to false due to Utils.LOAD_DUMPS being false\n[pid=28336][out] console.error: (new NotFoundError(\"Could not find fa0fc42c-d91d-fca7-34eb-806ff46062dc in cache or dump\", \"resource://services-settings/Attachments.sys.mjs\", 48))\n[pid=28336][out] console.warn: \"Unable to find the attachment for\" \"fa0fc42c-d91d-fca7-34eb-806ff46062dc\"\n[pid=28336][out] console.error: \"Error in processing browser-idle-startup for RFPHelper.init\"\n[pid=28336][out] console.error: (new TypeError(\"can't access property \\\"parentElement\\\", aBrowser is undefined\", \"resource://gre/modules/RFPHelper.sys.mjs\", 585))\n[pid=28336][err] JavaScript error: resource://gre/modules/BrowserTelemetryUtils.sys.mjs, line 38: TypeError: can't access property \"browsingContext\", browser is undefined\n[pid=28336][err] JavaScript error: resource://gre/modules/BrowserTelemetryUtils.sys.mjs, line 38: TypeError: can't access property \"browsingContext\", browser is undefined\n[pid=28336][err] JavaScript error: resource:///modules/asrouter/ASRouterTriggerListeners.sys.mjs, line 1494: TypeError: can't access property \"getTabBrowser\", browser is undefined\n[pid=28336][err] JavaScript error: chrome://browser/content/tabbrowser/tabbrowser.js, line 7558: TypeError: can't access property \"updateLastSeenActive\", this.selectedTab is undefined\n[pid=28336][err] JavaScript error: chrome://browser/content/tabbrowser/tabbrowser.js, line 7497: TypeError: can't access property \"preserveLayers\", this.selectedBrowser is undefined\n[pid=28336][err] JavaScript error: chrome://browser/content/tabbrowser/tabbrowser.js, line 7497: TypeError: can't access property \"preserveLayers\", this.selectedBrowser is undefined\n[pid=28336][err] JavaScript error: chrome://browser/content/tabbrowser/tabbrowser.js, line 7558: TypeError: can't access property \"updateLastSeenActive\", this.selectedTab is undefined\n[pid=28336][err] JavaScript error: chrome://browser/content/tabbrowser/tabbrowser.js, line 7497: TypeError: can't access property \"preserveLayers\", this.selectedBrowser is undefined\n[pid=28336][err] JavaScript error: chrome://browser/content/tabbrowser/tabbrowser.js, line 7497: TypeError: can't access property \"preserveLayers\", this.selectedBrowser is undefined\n[pid=28336][err] JavaScript error: chrome://browser/content/browser.js, line 3740: TypeError: can't access property \"isConnected\", browser is undefined\n[pid=28336][err] JavaScript error: chrome://browser/content/browser.js, line 3740: TypeError: can't access property \"isConnected\", browser is undefined\n[pid=28336][err] JavaScript error: chrome://browser/content/tabbrowser/tabbrowser.js, line 7497: TypeError: can't access property \"preserveLayers\", this.selectedBrowser is undefined\n[pid=28336][err] JavaScript error: chrome://browser/content/tabbrowser/tabbrowser.js, line 7497: TypeError: can't access property \"preserveLayers\", this.selectedBrowser is undefined"},"stage":"finished","steps":[{"status":"passed","statusDetails":{},"stage":"finished","steps":[],"attachments":[],"parameters":[],"name":"Fixture \"page\"","start":1765143749802,"uuid":"cf05f204-f871-4e80-b57b-7711384c422c","stop":1765143749802},{"status":"failed","statusDetails":{"message":"Error: browserContext.close: Test ended.\nBrowser logs:\n\n<launching> C:\\Users\\USER\\AppData\\Local\\ms-playwright\\firefox-1497\\firefox\\firefox.exe -no-remote -wait-for-browser -foreground -profile C:\\Users\\USER\\AppData\\Local\\Temp\\playwright_firefoxdev_profile-XXXXXXVVAura -juggler-pipe -width=1520 -height=1080 -silent\n<launched> pid=28336\n[pid=28336][err] JavaScript warning: resource://services-settings/Utils.sys.mjs, line 116: unreachable code after return statement\n[pid=28336][out] console.warn: services.settings: Ignoring preference override of remote settings server\n[pid=28336][out] console.warn: services.settings: Allow by setting MOZ_REMOTE_SETTINGS_DEVTOOLS=1 in the environment\n[pid=28336][out] \n[pid=28336][out] Juggler listening to the pipe\n[pid=28336][out] console.error: \"Warning: unrecognized command line flag\" \"-foreground\"\n[pid=28336][out] console.error: \"Warning: unrecognized command line flag\" \"-height\"\n[pid=28336][err] JavaScript error: resource://gre/modules/ShortcutUtils.sys.mjs, line 143: TypeError: can't access property \"toUpperCase\", keyAttribute is null\n[pid=28336][err] JavaScript error: chrome://browser/content/tabbrowser/tabbrowser.js, line 7497: TypeError: can't access property \"preserveLayers\", this.selectedBrowser is undefined\n[pid=28336][err] JavaScript error: chrome://juggler/content/TargetRegistry.js, line 151: TypeError: can't access property \"browsingContext\", tab.linkedBrowser is undefined\n[pid=28336][err] JavaScript error: chrome://juggler/content/Helper.js, line 82: NS_ERROR_FAILURE: Component returned failure code: 0x80004005 (NS_ERROR_FAILURE) [nsIWebProgress.removeProgressListener]\n[pid=28336][err] JavaScript error: resource:///modules/sessionstore/SessionStore.sys.mjs, line 3192: TypeError: can't access property \"addEventListener\", browser is undefined\n[pid=28336][err] JavaScript error: chrome://browser/content/tabbrowser/tabbrowser.js, line 7558: TypeError: can't access property \"updateLastSeenActive\", this.selectedTab is undefined\n[pid=28336][out] console.error: (new TypeError(\"can't access property \\\"owner\\\", this.selectedTab is undefined\", \"chrome://browser/content/tabbrowser/tabbrowser.js\", 2880))\n[pid=28336][out] console.error: \"Error in processing browser-window-delayed-startup for TaskbarTabsPageAction.init\"\n[pid=28336][out] console.error: (new TypeError(\"can't access property \\\"currentURI\\\", this.selectedBrowser is undefined\", \"chrome://browser/content/tabbrowser/tabbrowser.js\", 680))\n[pid=28336][out] console.error: services.settings: \n[pid=28336][out]   Message: EmptyDatabaseError: \"main/nimbus-desktop-experiments\" has not been synced yet\n[pid=28336][out]   Stack:\n[pid=28336][out]     EmptyDatabaseError@resource://services-settings/Database.sys.mjs:19:5\n[pid=28336][out] list@resource://services-settings/Database.sys.mjs:96:13\n[pid=28336][out] \n[pid=28336][err] JavaScript error: chrome://juggler/content/Helper.js, line 82: NS_ERROR_FAILURE: Component returned failure code: 0x80004005 (NS_ERROR_FAILURE) [nsIWebProgress.removeProgressListener]\n[pid=28336][out] console.error: services.settings: \n[pid=28336][out]   Message: EmptyDatabaseError: \"main/nimbus-secure-experiments\" has not been synced yet\n[pid=28336][out]   Stack:\n[pid=28336][out]     EmptyDatabaseError@resource://services-settings/Database.sys.mjs:19:5\n[pid=28336][out] list@resource://services-settings/Database.sys.mjs:96:13\n[pid=28336][out] \n[pid=28336][out] console.warn: services.settings: #fetchAttachment: Forcing fallbackToDump to false due to Utils.LOAD_DUMPS being false\n[pid=28336][out] console.error: (new NotFoundError(\"Could not find fa0fc42c-d91d-fca7-34eb-806ff46062dc in cache or dump\", \"resource://services-settings/Attachments.sys.mjs\", 48))\n[pid=28336][out] console.warn: \"Unable to find the attachment for\" \"fa0fc42c-d91d-fca7-34eb-806ff46062dc\"\n[pid=28336][out] console.error: \"Error in processing browser-idle-startup for RFPHelper.init\"\n[pid=28336][out] console.error: (new TypeError(\"can't access property \\\"parentElement\\\", aBrowser is undefined\", \"resource://gre/modules/RFPHelper.sys.mjs\", 585))\n[pid=28336][err] JavaScript error: resource://gre/modules/BrowserTelemetryUtils.sys.mjs, line 38: TypeError: can't access property \"browsingContext\", browser is undefined\n[pid=28336][err] JavaScript error: resource://gre/modules/BrowserTelemetryUtils.sys.mjs, line 38: TypeError: can't access property \"browsingContext\", browser is undefined\n[pid=28336][err] JavaScript error: resource:///modules/asrouter/ASRouterTriggerListeners.sys.mjs, line 1494: TypeError: can't access property \"getTabBrowser\", browser is undefined\n[pid=28336][err] JavaScript error: chrome://browser/content/tabbrowser/tabbrowser.js, line 7558: TypeError: can't access property \"updateLastSeenActive\", this.selectedTab is undefined\n[pid=28336][err] JavaScript error: chrome://browser/content/tabbrowser/tabbrowser.js, line 7497: TypeError: can't access property \"preserveLayers\", this.selectedBrowser is undefined\n[pid=28336][err] JavaScript error: chrome://browser/content/tabbrowser/tabbrowser.js, line 7497: TypeError: can't access property \"preserveLayers\", this.selectedBrowser is undefined\n[pid=28336][err] JavaScript error: chrome://browser/content/tabbrowser/tabbrowser.js, line 7558: TypeError: can't access property \"updateLastSeenActive\", this.selectedTab is undefined\n[pid=28336][err] JavaScript error: chrome://browser/content/tabbrowser/tabbrowser.js, line 7497: TypeError: can't access property \"preserveLayers\", this.selectedBrowser is undefined\n[pid=28336][err] JavaScript error: chrome://browser/content/tabbrowser/tabbrowser.js, line 7497: TypeError: can't access property \"preserveLayers\", this.selectedBrowser is undefined\n[pid=28336][err] JavaScript error: chrome://browser/content/browser.js, line 3740: TypeError: can't access property \"isConnected\", browser is undefined\n[pid=28336][err] JavaScript error: chrome://browser/content/browser.js, line 3740: TypeError: can't access property \"isConnected\", browser is undefined\n[pid=28336][err] JavaScript error: chrome://browser/content/tabbrowser/tabbrowser.js, line 7497: TypeError: can't access property \"preserveLayers\", this.selectedBrowser is undefined\n[pid=28336][err] JavaScript error: chrome://browser/content/tabbrowser/tabbrowser.js, line 7497: TypeError: can't access property \"preserveLayers\", this.selectedBrowser is undefined","trace":"Error: browserContext.close: Test ended.\nBrowser logs:\n\n<launching> C:\\Users\\USER\\AppData\\Local\\ms-playwright\\firefox-1497\\firefox\\firefox.exe -no-remote -wait-for-browser -foreground -profile C:\\Users\\USER\\AppData\\Local\\Temp\\playwright_firefoxdev_profile-XXXXXXVVAura -juggler-pipe -width=1520 -height=1080 -silent\n<launched> pid=28336\n[pid=28336][err] JavaScript warning: resource://services-settings/Utils.sys.mjs, line 116: unreachable code after return statement\n[pid=28336][out] console.warn: services.settings: Ignoring preference override of remote settings server\n[pid=28336][out] console.warn: services.settings: Allow by setting MOZ_REMOTE_SETTINGS_DEVTOOLS=1 in the environment\n[pid=28336][out] \n[pid=28336][out] Juggler listening to the pipe\n[pid=28336][out] console.error: \"Warning: unrecognized command line flag\" \"-foreground\"\n[pid=28336][out] console.error: \"Warning: unrecognized command line flag\" \"-height\"\n[pid=28336][err] JavaScript error: resource://gre/modules/ShortcutUtils.sys.mjs, line 143: TypeError: can't access property \"toUpperCase\", keyAttribute is null\n[pid=28336][err] JavaScript error: chrome://browser/content/tabbrowser/tabbrowser.js, line 7497: TypeError: can't access property \"preserveLayers\", this.selectedBrowser is undefined\n[pid=28336][err] JavaScript error: chrome://juggler/content/TargetRegistry.js, line 151: TypeError: can't access property \"browsingContext\", tab.linkedBrowser is undefined\n[pid=28336][err] JavaScript error: chrome://juggler/content/Helper.js, line 82: NS_ERROR_FAILURE: Component returned failure code: 0x80004005 (NS_ERROR_FAILURE) [nsIWebProgress.removeProgressListener]\n[pid=28336][err] JavaScript error: resource:///modules/sessionstore/SessionStore.sys.mjs, line 3192: TypeError: can't access property \"addEventListener\", browser is undefined\n[pid=28336][err] JavaScript error: chrome://browser/content/tabbrowser/tabbrowser.js, line 7558: TypeError: can't access property \"updateLastSeenActive\", this.selectedTab is undefined\n[pid=28336][out] console.error: (new TypeError(\"can't access property \\\"owner\\\", this.selectedTab is undefined\", \"chrome://browser/content/tabbrowser/tabbrowser.js\", 2880))\n[pid=28336][out] console.error: \"Error in processing browser-window-delayed-startup for TaskbarTabsPageAction.init\"\n[pid=28336][out] console.error: (new TypeError(\"can't access property \\\"currentURI\\\", this.selectedBrowser is undefined\", \"chrome://browser/content/tabbrowser/tabbrowser.js\", 680))\n[pid=28336][out] console.error: services.settings: \n[pid=28336][out]   Message: EmptyDatabaseError: \"main/nimbus-desktop-experiments\" has not been synced yet\n[pid=28336][out]   Stack:\n[pid=28336][out]     EmptyDatabaseError@resource://services-settings/Database.sys.mjs:19:5\n[pid=28336][out] list@resource://services-settings/Database.sys.mjs:96:13\n[pid=28336][out] \n[pid=28336][err] JavaScript error: chrome://juggler/content/Helper.js, line 82: NS_ERROR_FAILURE: Component returned failure code: 0x80004005 (NS_ERROR_FAILURE) [nsIWebProgress.removeProgressListener]\n[pid=28336][out] console.error: services.settings: \n[pid=28336][out]   Message: EmptyDatabaseError: \"main/nimbus-secure-experiments\" has not been synced yet\n[pid=28336][out]   Stack:\n[pid=28336][out]     EmptyDatabaseError@resource://services-settings/Database.sys.mjs:19:5\n[pid=28336][out] list@resource://services-settings/Database.sys.mjs:96:13\n[pid=28336][out] \n[pid=28336][out] console.warn: services.settings: #fetchAttachment: Forcing fallbackToDump to false due to Utils.LOAD_DUMPS being false\n[pid=28336][out] console.error: (new NotFoundError(\"Could not find fa0fc42c-d91d-fca7-34eb-806ff46062dc in cache or dump\", \"resource://services-settings/Attachments.sys.mjs\", 48))\n[pid=28336][out] console.warn: \"Unable to find the attachment for\" \"fa0fc42c-d91d-fca7-34eb-806ff46062dc\"\n[pid=28336][out] console.error: \"Error in processing browser-idle-startup for RFPHelper.init\"\n[pid=28336][out] console.error: (new TypeError(\"can't access property \\\"parentElement\\\", aBrowser is undefined\", \"resource://gre/modules/RFPHelper.sys.mjs\", 585))\n[pid=28336][err] JavaScript error: resource://gre/modules/BrowserTelemetryUtils.sys.mjs, line 38: TypeError: can't access property \"browsingContext\", browser is undefined\n[pid=28336][err] JavaScript error: resource://gre/modules/BrowserTelemetryUtils.sys.mjs, line 38: TypeError: can't access property \"browsingContext\", browser is undefined\n[pid=28336][err] JavaScript error: resource:///modules/asrouter/ASRouterTriggerListeners.sys.mjs, line 1494: TypeError: can't access property \"getTabBrowser\", browser is undefined\n[pid=28336][err] JavaScript error: chrome://browser/content/tabbrowser/tabbrowser.js, line 7558: TypeError: can't access property \"updateLastSeenActive\", this.selectedTab is undefined\n[pid=28336][err] JavaScript error: chrome://browser/content/tabbrowser/tabbrowser.js, line 7497: TypeError: can't access property \"preserveLayers\", this.selectedBrowser is undefined\n[pid=28336][err] JavaScript error: chrome://browser/content/tabbrowser/tabbrowser.js, line 7497: TypeError: can't access property \"preserveLayers\", this.selectedBrowser is undefined\n[pid=28336][err] JavaScript error: chrome://browser/content/tabbrowser/tabbrowser.js, line 7558: TypeError: can't access property \"updateLastSeenActive\", this.selectedTab is undefined\n[pid=28336][err] JavaScript error: chrome://browser/content/tabbrowser/tabbrowser.js, line 7497: TypeError: can't access property \"preserveLayers\", this.selectedBrowser is undefined\n[pid=28336][err] JavaScript error: chrome://browser/content/tabbrowser/tabbrowser.js, line 7497: TypeError: can't access property \"preserveLayers\", this.selectedBrowser is undefined\n[pid=28336][err] JavaScript error: chrome://browser/content/browser.js, line 3740: TypeError: can't access property \"isConnected\", browser is undefined\n[pid=28336][err] JavaScript error: chrome://browser/content/browser.js, line 3740: TypeError: can't access property \"isConnected\", browser is undefined\n[pid=28336][err] JavaScript error: chrome://browser/content/tabbrowser/tabbrowser.js, line 7497: TypeError: can't access property \"preserveLayers\", this.selectedBrowser is undefined\n[pid=28336][err] JavaScript error: chrome://browser/content/tabbrowser/tabbrowser.js, line 7497: TypeError: can't access property \"preserveLayers\", this.selectedBrowser is undefined"},"stage":"finished","steps":[{"status":"failed","statusDetails":{"message":"Error: browserContext.close: Test ended.\nBrowser logs:\n\n<launching> C:\\Users\\USER\\AppData\\Local\\ms-playwright\\firefox-1497\\firefox\\firefox.exe -no-remote -wait-for-browser -foreground -profile C:\\Users\\USER\\AppData\\Local\\Temp\\playwright_firefoxdev_profile-XXXXXXVVAura -juggler-pipe -width=1520 -height=1080 -silent\n<launched> pid=28336\n[pid=28336][err] JavaScript warning: resource://services-settings/Utils.sys.mjs, line 116: unreachable code after return statement\n[pid=28336][out] console.warn: services.settings: Ignoring preference override of remote settings server\n[pid=28336][out] console.warn: services.settings: Allow by setting MOZ_REMOTE_SETTINGS_DEVTOOLS=1 in the environment\n[pid=28336][out] \n[pid=28336][out] Juggler listening to the pipe\n[pid=28336][out] console.error: \"Warning: unrecognized command line flag\" \"-foreground\"\n[pid=28336][out] console.error: \"Warning: unrecognized command line flag\" \"-height\"\n[pid=28336][err] JavaScript error: resource://gre/modules/ShortcutUtils.sys.mjs, line 143: TypeError: can't access property \"toUpperCase\", keyAttribute is null\n[pid=28336][err] JavaScript error: chrome://browser/content/tabbrowser/tabbrowser.js, line 7497: TypeError: can't access property \"preserveLayers\", this.selectedBrowser is undefined\n[pid=28336][err] JavaScript error: chrome://juggler/content/TargetRegistry.js, line 151: TypeError: can't access property \"browsingContext\", tab.linkedBrowser is undefined\n[pid=28336][err] JavaScript error: chrome://juggler/content/Helper.js, line 82: NS_ERROR_FAILURE: Component returned failure code: 0x80004005 (NS_ERROR_FAILURE) [nsIWebProgress.removeProgressListener]\n[pid=28336][err] JavaScript error: resource:///modules/sessionstore/SessionStore.sys.mjs, line 3192: TypeError: can't access property \"addEventListener\", browser is undefined\n[pid=28336][err] JavaScript error: chrome://browser/content/tabbrowser/tabbrowser.js, line 7558: TypeError: can't access property \"updateLastSeenActive\", this.selectedTab is undefined\n[pid=28336][out] console.error: (new TypeError(\"can't access property \\\"owner\\\", this.selectedTab is undefined\", \"chrome://browser/content/tabbrowser/tabbrowser.js\", 2880))\n[pid=28336][out] console.error: \"Error in processing browser-window-delayed-startup for TaskbarTabsPageAction.init\"\n[pid=28336][out] console.error: (new TypeError(\"can't access property \\\"currentURI\\\", this.selectedBrowser is undefined\", \"chrome://browser/content/tabbrowser/tabbrowser.js\", 680))\n[pid=28336][out] console.error: services.settings: \n[pid=28336][out]   Message: EmptyDatabaseError: \"main/nimbus-desktop-experiments\" has not been synced yet\n[pid=28336][out]   Stack:\n[pid=28336][out]     EmptyDatabaseError@resource://services-settings/Database.sys.mjs:19:5\n[pid=28336][out] list@resource://services-settings/Database.sys.mjs:96:13\n[pid=28336][out] \n[pid=28336][err] JavaScript error: chrome://juggler/content/Helper.js, line 82: NS_ERROR_FAILURE: Component returned failure code: 0x80004005 (NS_ERROR_FAILURE) [nsIWebProgress.removeProgressListener]\n[pid=28336][out] console.error: services.settings: \n[pid=28336][out]   Message: EmptyDatabaseError: \"main/nimbus-secure-experiments\" has not been synced yet\n[pid=28336][out]   Stack:\n[pid=28336][out]     EmptyDatabaseError@resource://services-settings/Database.sys.mjs:19:5\n[pid=28336][out] list@resource://services-settings/Database.sys.mjs:96:13\n[pid=28336][out] \n[pid=28336][out] console.warn: services.settings: #fetchAttachment: Forcing fallbackToDump to false due to Utils.LOAD_DUMPS being false\n[pid=28336][out] console.error: (new NotFoundError(\"Could not find fa0fc42c-d91d-fca7-34eb-806ff46062dc in cache or dump\", \"resource://services-settings/Attachments.sys.mjs\", 48))\n[pid=28336][out] console.warn: \"Unable to find the attachment for\" \"fa0fc42c-d91d-fca7-34eb-806ff46062dc\"\n[pid=28336][out] console.error: \"Error in processing browser-idle-startup for RFPHelper.init\"\n[pid=28336][out] console.error: (new TypeError(\"can't access property \\\"parentElement\\\", aBrowser is undefined\", \"resource://gre/modules/RFPHelper.sys.mjs\", 585))\n[pid=28336][err] JavaScript error: resource://gre/modules/BrowserTelemetryUtils.sys.mjs, line 38: TypeError: can't access property \"browsingContext\", browser is undefined\n[pid=28336][err] JavaScript error: resource://gre/modules/BrowserTelemetryUtils.sys.mjs, line 38: TypeError: can't access property \"browsingContext\", browser is undefined\n[pid=28336][err] JavaScript error: resource:///modules/asrouter/ASRouterTriggerListeners.sys.mjs, line 1494: TypeError: can't access property \"getTabBrowser\", browser is undefined\n[pid=28336][err] JavaScript error: chrome://browser/content/tabbrowser/tabbrowser.js, line 7558: TypeError: can't access property \"updateLastSeenActive\", this.selectedTab is undefined\n[pid=28336][err] JavaScript error: chrome://browser/content/tabbrowser/tabbrowser.js, line 7497: TypeError: can't access property \"preserveLayers\", this.selectedBrowser is undefined\n[pid=28336][err] JavaScript error: chrome://browser/content/tabbrowser/tabbrowser.js, line 7497: TypeError: can't access property \"preserveLayers\", this.selectedBrowser is undefined\n[pid=28336][err] JavaScript error: chrome://browser/content/tabbrowser/tabbrowser.js, line 7558: TypeError: can't access property \"updateLastSeenActive\", this.selectedTab is undefined\n[pid=28336][err] JavaScript error: chrome://browser/content/tabbrowser/tabbrowser.js, line 7497: TypeError: can't access property \"preserveLayers\", this.selectedBrowser is undefined\n[pid=28336][err] JavaScript error: chrome://browser/content/tabbrowser/tabbrowser.js, line 7497: TypeError: can't access property \"preserveLayers\", this.selectedBrowser is undefined\n[pid=28336][err] JavaScript error: chrome://browser/content/browser.js, line 3740: TypeError: can't access property \"isConnected\", browser is undefined\n[pid=28336][err] JavaScript error: chrome://browser/content/browser.js, line 3740: TypeError: can't access property \"isConnected\", browser is undefined\n[pid=28336][err] JavaScript error: chrome://browser/content/tabbrowser/tabbrowser.js, line 7497: TypeError: can't access property \"preserveLayers\", this.selectedBrowser is undefined\n[pid=28336][err] JavaScript error: chrome://browser/content/tabbrowser/tabbrowser.js, line 7497: TypeError: can't access property \"preserveLayers\", this.selectedBrowser is undefined","trace":"Error: browserContext.close: Test ended.\nBrowser logs:\n\n<launching> C:\\Users\\USER\\AppData\\Local\\ms-playwright\\firefox-1497\\firefox\\firefox.exe -no-remote -wait-for-browser -foreground -profile C:\\Users\\USER\\AppData\\Local\\Temp\\playwright_firefoxdev_profile-XXXXXXVVAura -juggler-pipe -width=1520 -height=1080 -silent\n<launched> pid=28336\n[pid=28336][err] JavaScript warning: resource://services-settings/Utils.sys.mjs, line 116: unreachable code after return statement\n[pid=28336][out] console.warn: services.settings: Ignoring preference override of remote settings server\n[pid=28336][out] console.warn: services.settings: Allow by setting MOZ_REMOTE_SETTINGS_DEVTOOLS=1 in the environment\n[pid=28336][out] \n[pid=28336][out] Juggler listening to the pipe\n[pid=28336][out] console.error: \"Warning: unrecognized command line flag\" \"-foreground\"\n[pid=28336][out] console.error: \"Warning: unrecognized command line flag\" \"-height\"\n[pid=28336][err] JavaScript error: resource://gre/modules/ShortcutUtils.sys.mjs, line 143: TypeError: can't access property \"toUpperCase\", keyAttribute is null\n[pid=28336][err] JavaScript error: chrome://browser/content/tabbrowser/tabbrowser.js, line 7497: TypeError: can't access property \"preserveLayers\", this.selectedBrowser is undefined\n[pid=28336][err] JavaScript error: chrome://juggler/content/TargetRegistry.js, line 151: TypeError: can't access property \"browsingContext\", tab.linkedBrowser is undefined\n[pid=28336][err] JavaScript error: chrome://juggler/content/Helper.js, line 82: NS_ERROR_FAILURE: Component returned failure code: 0x80004005 (NS_ERROR_FAILURE) [nsIWebProgress.removeProgressListener]\n[pid=28336][err] JavaScript error: resource:///modules/sessionstore/SessionStore.sys.mjs, line 3192: TypeError: can't access property \"addEventListener\", browser is undefined\n[pid=28336][err] JavaScript error: chrome://browser/content/tabbrowser/tabbrowser.js, line 7558: TypeError: can't access property \"updateLastSeenActive\", this.selectedTab is undefined\n[pid=28336][out] console.error: (new TypeError(\"can't access property \\\"owner\\\", this.selectedTab is undefined\", \"chrome://browser/content/tabbrowser/tabbrowser.js\", 2880))\n[pid=28336][out] console.error: \"Error in processing browser-window-delayed-startup for TaskbarTabsPageAction.init\"\n[pid=28336][out] console.error: (new TypeError(\"can't access property \\\"currentURI\\\", this.selectedBrowser is undefined\", \"chrome://browser/content/tabbrowser/tabbrowser.js\", 680))\n[pid=28336][out] console.error: services.settings: \n[pid=28336][out]   Message: EmptyDatabaseError: \"main/nimbus-desktop-experiments\" has not been synced yet\n[pid=28336][out]   Stack:\n[pid=28336][out]     EmptyDatabaseError@resource://services-settings/Database.sys.mjs:19:5\n[pid=28336][out] list@resource://services-settings/Database.sys.mjs:96:13\n[pid=28336][out] \n[pid=28336][err] JavaScript error: chrome://juggler/content/Helper.js, line 82: NS_ERROR_FAILURE: Component returned failure code: 0x80004005 (NS_ERROR_FAILURE) [nsIWebProgress.removeProgressListener]\n[pid=28336][out] console.error: services.settings: \n[pid=28336][out]   Message: EmptyDatabaseError: \"main/nimbus-secure-experiments\" has not been synced yet\n[pid=28336][out]   Stack:\n[pid=28336][out]     EmptyDatabaseError@resource://services-settings/Database.sys.mjs:19:5\n[pid=28336][out] list@resource://services-settings/Database.sys.mjs:96:13\n[pid=28336][out] \n[pid=28336][out] console.warn: services.settings: #fetchAttachment: Forcing fallbackToDump to false due to Utils.LOAD_DUMPS being false\n[pid=28336][out] console.error: (new NotFoundError(\"Could not find fa0fc42c-d91d-fca7-34eb-806ff46062dc in cache or dump\", \"resource://services-settings/Attachments.sys.mjs\", 48))\n[pid=28336][out] console.warn: \"Unable to find the attachment for\" \"fa0fc42c-d91d-fca7-34eb-806ff46062dc\"\n[pid=28336][out] console.error: \"Error in processing browser-idle-startup for RFPHelper.init\"\n[pid=28336][out] console.error: (new TypeError(\"can't access property \\\"parentElement\\\", aBrowser is undefined\", \"resource://gre/modules/RFPHelper.sys.mjs\", 585))\n[pid=28336][err] JavaScript error: resource://gre/modules/BrowserTelemetryUtils.sys.mjs, line 38: TypeError: can't access property \"browsingContext\", browser is undefined\n[pid=28336][err] JavaScript error: resource://gre/modules/BrowserTelemetryUtils.sys.mjs, line 38: TypeError: can't access property \"browsingContext\", browser is undefined\n[pid=28336][err] JavaScript error: resource:///modules/asrouter/ASRouterTriggerListeners.sys.mjs, line 1494: TypeError: can't access property \"getTabBrowser\", browser is undefined\n[pid=28336][err] JavaScript error: chrome://browser/content/tabbrowser/tabbrowser.js, line 7558: TypeError: can't access property \"updateLastSeenActive\", this.selectedTab is undefined\n[pid=28336][err] JavaScript error: chrome://browser/content/tabbrowser/tabbrowser.js, line 7497: TypeError: can't access property \"preserveLayers\", this.selectedBrowser is undefined\n[pid=28336][err] JavaScript error: chrome://browser/content/tabbrowser/tabbrowser.js, line 7497: TypeError: can't access property \"preserveLayers\", this.selectedBrowser is undefined\n[pid=28336][err] JavaScript error: chrome://browser/content/tabbrowser/tabbrowser.js, line 7558: TypeError: can't access property \"updateLastSeenActive\", this.selectedTab is undefined\n[pid=28336][err] JavaScript error: chrome://browser/content/tabbrowser/tabbrowser.js, line 7497: TypeError: can't access property \"preserveLayers\", this.selectedBrowser is undefined\n[pid=28336][err] JavaScript error: chrome://browser/content/tabbrowser/tabbrowser.js, line 7497: TypeError: can't access property \"preserveLayers\", this.selectedBrowser is undefined\n[pid=28336][err] JavaScript error: chrome://browser/content/browser.js, line 3740: TypeError: can't access property \"isConnected\", browser is undefined\n[pid=28336][err] JavaScript error: chrome://browser/content/browser.js, line 3740: TypeError: can't access property \"isConnected\", browser is undefined\n[pid=28336][err] JavaScript error: chrome://browser/content/tabbrowser/tabbrowser.js, line 7497: TypeError: can't access property \"preserveLayers\", this.selectedBrowser is undefined\n[pid=28336][err] JavaScript error: chrome://browser/content/tabbrowser/tabbrowser.js, line 7497: TypeError: can't access property \"preserveLayers\", this.selectedBrowser is undefined"},"stage":"finished","steps":[],"attachments":[],"parameters":[],"name":"Close context","start":1765143749816,"uuid":"30f04b36-0240-4853-942c-7988134f51e0","stop":1765143749839}],"attachments":[],"parameters":[],"name":"Fixture \"context\"","start":1765143749803,"uuid":"06b610d4-0be6-413b-9ca1-1e4ab73e4df9","stop":1765143749840}],"attachments":[],"parameters":[],"name":"After Hooks","start":1765143749800,"uuid":"5778b148-f224-4ca7-ba16-b8ff4fa7a22e","stop":1765143749884}],"attachments":[],"parameters":[{"name":"Project","value":"firefox"}],"labels":[{"name":"language","value":"javascript"},{"name":"framework","value":"playwright"},{"name":"package","value":"assessment.spec.ts"},{"name":"titlePath","value":" > firefox > assessment.spec.ts > Assessment"},{"name":"host","value":"DESKTOP-FTL2TTS"},{"name":"thread","value":"pid-22812-worker-0"},{"name":"parentSuite","value":"firefox"},{"name":"suite","value":"assessment.spec.ts"},{"name":"subSuite","value":"Assessment"}],"links":[],"start":1765143721530,"testCaseId":"d15a51daa498a3a6d96f2e06220770ce","fullName":"assessment.spec.ts:9:7","titlePath":["assessment.spec.ts","Assessment"],"stop":1765143748934}