{"uid":"b32841c34e7f152b","name":"Checking Menu and Sub Menu Items Visiblity","fullName":"assessment.spec.ts:9:7","historyId":"d15a51daa498a3a6d96f2e06220770ce:b444eb0fbe6390c71e68b51dd25701fc","time":{"start":1765143721530,"stop":1765143748934,"duration":27404},"status":"failed","statusMessage":"Error: browserContext.close: Test ended.\nBrowser logs:\n\n<launching> C:\\Users\\USER\\AppData\\Local\\ms-playwright\\firefox-1497\\firefox\\firefox.exe -no-remote -wait-for-browser -foreground -profile C:\\Users\\USER\\AppData\\Local\\Temp\\playwright_firefoxdev_profile-XXXXXXVVAura -juggler-pipe -width=1520 -height=1080 -silent\n<launched> pid=28336\n[pid=28336][err] JavaScript warning: resource://services-settings/Utils.sys.mjs, line 116: unreachable code after return statement\n[pid=28336][out] console.warn: services.settings: Ignoring preference override of remote settings server\n[pid=28336][out] console.warn: services.settings: Allow by setting MOZ_REMOTE_SETTINGS_DEVTOOLS=1 in the environment\n[pid=28336][out] \n[pid=28336][out] Juggler listening to the pipe\n[pid=28336][out] console.error: \"Warning: unrecognized command line flag\" \"-foreground\"\n[pid=28336][out] console.error: \"Warning: unrecognized command line flag\" \"-height\"\n[pid=28336][err] JavaScript error: resource://gre/modules/ShortcutUtils.sys.mjs, line 143: TypeError: can't access property \"toUpperCase\", keyAttribute is null\n[pid=28336][err] JavaScript error: chrome://browser/content/tabbrowser/tabbrowser.js, line 7497: TypeError: can't access property \"preserveLayers\", this.selectedBrowser is undefined\n[pid=28336][err] JavaScript error: chrome://juggler/content/TargetRegistry.js, line 151: TypeError: can't access property \"browsingContext\", tab.linkedBrowser is undefined\n[pid=28336][err] JavaScript error: chrome://juggler/content/Helper.js, line 82: NS_ERROR_FAILURE: Component returned failure code: 0x80004005 (NS_ERROR_FAILURE) [nsIWebProgress.removeProgressListener]\n[pid=28336][err] JavaScript error: resource:///modules/sessionstore/SessionStore.sys.mjs, line 3192: TypeError: can't access property \"addEventListener\", browser is undefined\n[pid=28336][err] JavaScript error: chrome://browser/content/tabbrowser/tabbrowser.js, line 7558: TypeError: can't access property \"updateLastSeenActive\", this.selectedTab is undefined\n[pid=28336][out] console.error: (new TypeError(\"can't access property \\\"owner\\\", this.selectedTab is undefined\", \"chrome://browser/content/tabbrowser/tabbrowser.js\", 2880))\n[pid=28336][out] console.error: \"Error in processing browser-window-delayed-startup for TaskbarTabsPageAction.init\"\n[pid=28336][out] console.error: (new TypeError(\"can't access property \\\"currentURI\\\", this.selectedBrowser is undefined\", \"chrome://browser/content/tabbrowser/tabbrowser.js\", 680))\n[pid=28336][out] console.error: services.settings: \n[pid=28336][out]   Message: EmptyDatabaseError: \"main/nimbus-desktop-experiments\" has not been synced yet\n[pid=28336][out]   Stack:\n[pid=28336][out]     EmptyDatabaseError@resource://services-settings/Database.sys.mjs:19:5\n[pid=28336][out] list@resource://services-settings/Database.sys.mjs:96:13\n[pid=28336][out] \n[pid=28336][err] JavaScript error: chrome://juggler/content/Helper.js, line 82: NS_ERROR_FAILURE: Component returned failure code: 0x80004005 (NS_ERROR_FAILURE) [nsIWebProgress.removeProgressListener]\n[pid=28336][out] console.error: services.settings: \n[pid=28336][out]   Message: EmptyDatabaseError: \"main/nimbus-secure-experiments\" has not been synced yet\n[pid=28336][out]   Stack:\n[pid=28336][out]     EmptyDatabaseError@resource://services-settings/Database.sys.mjs:19:5\n[pid=28336][out] list@resource://services-settings/Database.sys.mjs:96:13\n[pid=28336][out] \n[pid=28336][out] console.warn: services.settings: #fetchAttachment: Forcing fallbackToDump to false due to Utils.LOAD_DUMPS being false\n[pid=28336][out] console.error: (new NotFoundError(\"Could not find fa0fc42c-d91d-fca7-34eb-806ff46062dc in cache or dump\", \"resource://services-settings/Attachments.sys.mjs\", 48))\n[pid=28336][out] console.warn: \"Unable to find the attachment for\" \"fa0fc42c-d91d-fca7-34eb-806ff46062dc\"\n[pid=28336][out] console.error: \"Error in processing browser-idle-startup for RFPHelper.init\"\n[pid=28336][out] console.error: (new TypeError(\"can't access property \\\"parentElement\\\", aBrowser is undefined\", \"resource://gre/modules/RFPHelper.sys.mjs\", 585))\n[pid=28336][err] JavaScript error: resource://gre/modules/BrowserTelemetryUtils.sys.mjs, line 38: TypeError: can't access property \"browsingContext\", browser is undefined\n[pid=28336][err] JavaScript error: resource://gre/modules/BrowserTelemetryUtils.sys.mjs, line 38: TypeError: can't access property \"browsingContext\", browser is undefined\n[pid=28336][err] JavaScript error: resource:///modules/asrouter/ASRouterTriggerListeners.sys.mjs, line 1494: TypeError: can't access property \"getTabBrowser\", browser is undefined\n[pid=28336][err] JavaScript error: chrome://browser/content/tabbrowser/tabbrowser.js, line 7558: TypeError: can't access property \"updateLastSeenActive\", this.selectedTab is undefined\n[pid=28336][err] JavaScript error: chrome://browser/content/tabbrowser/tabbrowser.js, line 7497: TypeError: can't access property \"preserveLayers\", this.selectedBrowser is undefined\n[pid=28336][err] JavaScript error: chrome://browser/content/tabbrowser/tabbrowser.js, line 7497: TypeError: can't access property \"preserveLayers\", this.selectedBrowser is undefined\n[pid=28336][err] JavaScript error: chrome://browser/content/tabbrowser/tabbrowser.js, line 7558: TypeError: can't access property \"updateLastSeenActive\", this.selectedTab is undefined\n[pid=28336][err] JavaScript error: chrome://browser/content/tabbrowser/tabbrowser.js, line 7497: TypeError: can't access property \"preserveLayers\", this.selectedBrowser is undefined\n[pid=28336][err] JavaScript error: chrome://browser/content/tabbrowser/tabbrowser.js, line 7497: TypeError: can't access property \"preserveLayers\", this.selectedBrowser is undefined\n[pid=28336][err] JavaScript error: chrome://browser/content/browser.js, line 3740: TypeError: can't access property \"isConnected\", browser is undefined\n[pid=28336][err] JavaScript error: chrome://browser/content/browser.js, line 3740: TypeError: can't access property \"isConnected\", browser is undefined\n[pid=28336][err] JavaScript error: chrome://browser/content/tabbrowser/tabbrowser.js, line 7497: TypeError: can't access property \"preserveLayers\", this.selectedBrowser is undefined\n[pid=28336][err] JavaScript error: chrome://browser/content/tabbrowser/tabbrowser.js, line 7497: TypeError: can't access property \"preserveLayers\", this.selectedBrowser is undefined","statusTrace":"Error: browserContext.close: Test ended.\nBrowser logs:\n\n<launching> C:\\Users\\USER\\AppData\\Local\\ms-playwright\\firefox-1497\\firefox\\firefox.exe -no-remote -wait-for-browser -foreground -profile C:\\Users\\USER\\AppData\\Local\\Temp\\playwright_firefoxdev_profile-XXXXXXVVAura -juggler-pipe -width=1520 -height=1080 -silent\n<launched> pid=28336\n[pid=28336][err] JavaScript warning: resource://services-settings/Utils.sys.mjs, line 116: unreachable code after return statement\n[pid=28336][out] console.warn: services.settings: Ignoring preference override of remote settings server\n[pid=28336][out] console.warn: services.settings: Allow by setting MOZ_REMOTE_SETTINGS_DEVTOOLS=1 in the environment\n[pid=28336][out] \n[pid=28336][out] Juggler listening to the pipe\n[pid=28336][out] console.error: \"Warning: unrecognized command line flag\" \"-foreground\"\n[pid=28336][out] console.error: \"Warning: unrecognized command line flag\" \"-height\"\n[pid=28336][err] JavaScript error: resource://gre/modules/ShortcutUtils.sys.mjs, line 143: TypeError: can't access property \"toUpperCase\", keyAttribute is null\n[pid=28336][err] JavaScript error: chrome://browser/content/tabbrowser/tabbrowser.js, line 7497: TypeError: can't access property \"preserveLayers\", this.selectedBrowser is undefined\n[pid=28336][err] JavaScript error: chrome://juggler/content/TargetRegistry.js, line 151: TypeError: can't access property \"browsingContext\", tab.linkedBrowser is undefined\n[pid=28336][err] JavaScript error: chrome://juggler/content/Helper.js, line 82: NS_ERROR_FAILURE: Component returned failure code: 0x80004005 (NS_ERROR_FAILURE) [nsIWebProgress.removeProgressListener]\n[pid=28336][err] JavaScript error: resource:///modules/sessionstore/SessionStore.sys.mjs, line 3192: TypeError: can't access property \"addEventListener\", browser is undefined\n[pid=28336][err] JavaScript error: chrome://browser/content/tabbrowser/tabbrowser.js, line 7558: TypeError: can't access property \"updateLastSeenActive\", this.selectedTab is undefined\n[pid=28336][out] console.error: (new TypeError(\"can't access property \\\"owner\\\", this.selectedTab is undefined\", \"chrome://browser/content/tabbrowser/tabbrowser.js\", 2880))\n[pid=28336][out] console.error: \"Error in processing browser-window-delayed-startup for TaskbarTabsPageAction.init\"\n[pid=28336][out] console.error: (new TypeError(\"can't access property \\\"currentURI\\\", this.selectedBrowser is undefined\", \"chrome://browser/content/tabbrowser/tabbrowser.js\", 680))\n[pid=28336][out] console.error: services.settings: \n[pid=28336][out]   Message: EmptyDatabaseError: \"main/nimbus-desktop-experiments\" has not been synced yet\n[pid=28336][out]   Stack:\n[pid=28336][out]     EmptyDatabaseError@resource://services-settings/Database.sys.mjs:19:5\n[pid=28336][out] list@resource://services-settings/Database.sys.mjs:96:13\n[pid=28336][out] \n[pid=28336][err] JavaScript error: chrome://juggler/content/Helper.js, line 82: NS_ERROR_FAILURE: Component returned failure code: 0x80004005 (NS_ERROR_FAILURE) [nsIWebProgress.removeProgressListener]\n[pid=28336][out] console.error: services.settings: \n[pid=28336][out]   Message: EmptyDatabaseError: \"main/nimbus-secure-experiments\" has not been synced yet\n[pid=28336][out]   Stack:\n[pid=28336][out]     EmptyDatabaseError@resource://services-settings/Database.sys.mjs:19:5\n[pid=28336][out] list@resource://services-settings/Database.sys.mjs:96:13\n[pid=28336][out] \n[pid=28336][out] console.warn: services.settings: #fetchAttachment: Forcing fallbackToDump to false due to Utils.LOAD_DUMPS being false\n[pid=28336][out] console.error: (new NotFoundError(\"Could not find fa0fc42c-d91d-fca7-34eb-806ff46062dc in cache or dump\", \"resource://services-settings/Attachments.sys.mjs\", 48))\n[pid=28336][out] console.warn: \"Unable to find the attachment for\" \"fa0fc42c-d91d-fca7-34eb-806ff46062dc\"\n[pid=28336][out] console.error: \"Error in processing browser-idle-startup for RFPHelper.init\"\n[pid=28336][out] console.error: (new TypeError(\"can't access property \\\"parentElement\\\", aBrowser is undefined\", \"resource://gre/modules/RFPHelper.sys.mjs\", 585))\n[pid=28336][err] JavaScript error: resource://gre/modules/BrowserTelemetryUtils.sys.mjs, line 38: TypeError: can't access property \"browsingContext\", browser is undefined\n[pid=28336][err] JavaScript error: resource://gre/modules/BrowserTelemetryUtils.sys.mjs, line 38: TypeError: can't access property \"browsingContext\", browser is undefined\n[pid=28336][err] JavaScript error: resource:///modules/asrouter/ASRouterTriggerListeners.sys.mjs, line 1494: TypeError: can't access property \"getTabBrowser\", browser is undefined\n[pid=28336][err] JavaScript error: chrome://browser/content/tabbrowser/tabbrowser.js, line 7558: TypeError: can't access property \"updateLastSeenActive\", this.selectedTab is undefined\n[pid=28336][err] JavaScript error: chrome://browser/content/tabbrowser/tabbrowser.js, line 7497: TypeError: can't access property \"preserveLayers\", this.selectedBrowser is undefined\n[pid=28336][err] JavaScript error: chrome://browser/content/tabbrowser/tabbrowser.js, line 7497: TypeError: can't access property \"preserveLayers\", this.selectedBrowser is undefined\n[pid=28336][err] JavaScript error: chrome://browser/content/tabbrowser/tabbrowser.js, line 7558: TypeError: can't access property \"updateLastSeenActive\", this.selectedTab is undefined\n[pid=28336][err] JavaScript error: chrome://browser/content/tabbrowser/tabbrowser.js, line 7497: TypeError: can't access property \"preserveLayers\", this.selectedBrowser is undefined\n[pid=28336][err] JavaScript error: chrome://browser/content/tabbrowser/tabbrowser.js, line 7497: TypeError: can't access property \"preserveLayers\", this.selectedBrowser is undefined\n[pid=28336][err] JavaScript error: chrome://browser/content/browser.js, line 3740: TypeError: can't access property \"isConnected\", browser is undefined\n[pid=28336][err] JavaScript error: chrome://browser/content/browser.js, line 3740: TypeError: can't access property \"isConnected\", browser is undefined\n[pid=28336][err] JavaScript error: chrome://browser/content/tabbrowser/tabbrowser.js, line 7497: TypeError: can't access property \"preserveLayers\", this.selectedBrowser is undefined\n[pid=28336][err] JavaScript error: chrome://browser/content/tabbrowser/tabbrowser.js, line 7497: TypeError: can't access property \"preserveLayers\", this.selectedBrowser is undefined","flaky":false,"newFailed":false,"newBroken":false,"newPassed":false,"retriesCount":1,"retriesStatusChange":true,"beforeStages":[],"testStage":{"status":"failed","statusMessage":"Error: browserContext.close: Test ended.\nBrowser logs:\n\n<launching> C:\\Users\\USER\\AppData\\Local\\ms-playwright\\firefox-1497\\firefox\\firefox.exe -no-remote -wait-for-browser -foreground -profile C:\\Users\\USER\\AppData\\Local\\Temp\\playwright_firefoxdev_profile-XXXXXXVVAura -juggler-pipe -width=1520 -height=1080 -silent\n<launched> pid=28336\n[pid=28336][err] JavaScript warning: resource://services-settings/Utils.sys.mjs, line 116: unreachable code after return statement\n[pid=28336][out] console.warn: services.settings: Ignoring preference override of remote settings server\n[pid=28336][out] console.warn: services.settings: Allow by setting MOZ_REMOTE_SETTINGS_DEVTOOLS=1 in the environment\n[pid=28336][out] \n[pid=28336][out] Juggler listening to the pipe\n[pid=28336][out] console.error: \"Warning: unrecognized command line flag\" \"-foreground\"\n[pid=28336][out] console.error: \"Warning: unrecognized command line flag\" \"-height\"\n[pid=28336][err] JavaScript error: resource://gre/modules/ShortcutUtils.sys.mjs, line 143: TypeError: can't access property \"toUpperCase\", keyAttribute is null\n[pid=28336][err] JavaScript error: chrome://browser/content/tabbrowser/tabbrowser.js, line 7497: TypeError: can't access property \"preserveLayers\", this.selectedBrowser is undefined\n[pid=28336][err] JavaScript error: chrome://juggler/content/TargetRegistry.js, line 151: TypeError: can't access property \"browsingContext\", tab.linkedBrowser is undefined\n[pid=28336][err] JavaScript error: chrome://juggler/content/Helper.js, line 82: NS_ERROR_FAILURE: Component returned failure code: 0x80004005 (NS_ERROR_FAILURE) [nsIWebProgress.removeProgressListener]\n[pid=28336][err] JavaScript error: resource:///modules/sessionstore/SessionStore.sys.mjs, line 3192: TypeError: can't access property \"addEventListener\", browser is undefined\n[pid=28336][err] JavaScript error: chrome://browser/content/tabbrowser/tabbrowser.js, line 7558: TypeError: can't access property \"updateLastSeenActive\", this.selectedTab is undefined\n[pid=28336][out] console.error: (new TypeError(\"can't access property \\\"owner\\\", this.selectedTab is undefined\", \"chrome://browser/content/tabbrowser/tabbrowser.js\", 2880))\n[pid=28336][out] console.error: \"Error in processing browser-window-delayed-startup for TaskbarTabsPageAction.init\"\n[pid=28336][out] console.error: (new TypeError(\"can't access property \\\"currentURI\\\", this.selectedBrowser is undefined\", \"chrome://browser/content/tabbrowser/tabbrowser.js\", 680))\n[pid=28336][out] console.error: services.settings: \n[pid=28336][out]   Message: EmptyDatabaseError: \"main/nimbus-desktop-experiments\" has not been synced yet\n[pid=28336][out]   Stack:\n[pid=28336][out]     EmptyDatabaseError@resource://services-settings/Database.sys.mjs:19:5\n[pid=28336][out] list@resource://services-settings/Database.sys.mjs:96:13\n[pid=28336][out] \n[pid=28336][err] JavaScript error: chrome://juggler/content/Helper.js, line 82: NS_ERROR_FAILURE: Component returned failure code: 0x80004005 (NS_ERROR_FAILURE) [nsIWebProgress.removeProgressListener]\n[pid=28336][out] console.error: services.settings: \n[pid=28336][out]   Message: EmptyDatabaseError: \"main/nimbus-secure-experiments\" has not been synced yet\n[pid=28336][out]   Stack:\n[pid=28336][out]     EmptyDatabaseError@resource://services-settings/Database.sys.mjs:19:5\n[pid=28336][out] list@resource://services-settings/Database.sys.mjs:96:13\n[pid=28336][out] \n[pid=28336][out] console.warn: services.settings: #fetchAttachment: Forcing fallbackToDump to false due to Utils.LOAD_DUMPS being false\n[pid=28336][out] console.error: (new NotFoundError(\"Could not find fa0fc42c-d91d-fca7-34eb-806ff46062dc in cache or dump\", \"resource://services-settings/Attachments.sys.mjs\", 48))\n[pid=28336][out] console.warn: \"Unable to find the attachment for\" \"fa0fc42c-d91d-fca7-34eb-806ff46062dc\"\n[pid=28336][out] console.error: \"Error in processing browser-idle-startup for RFPHelper.init\"\n[pid=28336][out] console.error: (new TypeError(\"can't access property \\\"parentElement\\\", aBrowser is undefined\", \"resource://gre/modules/RFPHelper.sys.mjs\", 585))\n[pid=28336][err] JavaScript error: resource://gre/modules/BrowserTelemetryUtils.sys.mjs, line 38: TypeError: can't access property \"browsingContext\", browser is undefined\n[pid=28336][err] JavaScript error: resource://gre/modules/BrowserTelemetryUtils.sys.mjs, line 38: TypeError: can't access property \"browsingContext\", browser is undefined\n[pid=28336][err] JavaScript error: resource:///modules/asrouter/ASRouterTriggerListeners.sys.mjs, line 1494: TypeError: can't access property \"getTabBrowser\", browser is undefined\n[pid=28336][err] JavaScript error: chrome://browser/content/tabbrowser/tabbrowser.js, line 7558: TypeError: can't access property \"updateLastSeenActive\", this.selectedTab is undefined\n[pid=28336][err] JavaScript error: chrome://browser/content/tabbrowser/tabbrowser.js, line 7497: TypeError: can't access property \"preserveLayers\", this.selectedBrowser is undefined\n[pid=28336][err] JavaScript error: chrome://browser/content/tabbrowser/tabbrowser.js, line 7497: TypeError: can't access property \"preserveLayers\", this.selectedBrowser is undefined\n[pid=28336][err] JavaScript error: chrome://browser/content/tabbrowser/tabbrowser.js, line 7558: TypeError: can't access property \"updateLastSeenActive\", this.selectedTab is undefined\n[pid=28336][err] JavaScript error: chrome://browser/content/tabbrowser/tabbrowser.js, line 7497: TypeError: can't access property \"preserveLayers\", this.selectedBrowser is undefined\n[pid=28336][err] JavaScript error: chrome://browser/content/tabbrowser/tabbrowser.js, line 7497: TypeError: can't access property \"preserveLayers\", this.selectedBrowser is undefined\n[pid=28336][err] JavaScript error: chrome://browser/content/browser.js, line 3740: TypeError: can't access property \"isConnected\", browser is undefined\n[pid=28336][err] JavaScript error: chrome://browser/content/browser.js, line 3740: TypeError: can't access property \"isConnected\", browser is undefined\n[pid=28336][err] JavaScript error: chrome://browser/content/tabbrowser/tabbrowser.js, line 7497: TypeError: can't access property \"preserveLayers\", this.selectedBrowser is undefined\n[pid=28336][err] JavaScript error: chrome://browser/content/tabbrowser/tabbrowser.js, line 7497: TypeError: can't access property \"preserveLayers\", this.selectedBrowser is undefined","statusTrace":"Error: browserContext.close: Test ended.\nBrowser logs:\n\n<launching> C:\\Users\\USER\\AppData\\Local\\ms-playwright\\firefox-1497\\firefox\\firefox.exe -no-remote -wait-for-browser -foreground -profile C:\\Users\\USER\\AppData\\Local\\Temp\\playwright_firefoxdev_profile-XXXXXXVVAura -juggler-pipe -width=1520 -height=1080 -silent\n<launched> pid=28336\n[pid=28336][err] JavaScript warning: resource://services-settings/Utils.sys.mjs, line 116: unreachable code after return statement\n[pid=28336][out] console.warn: services.settings: Ignoring preference override of remote settings server\n[pid=28336][out] console.warn: services.settings: Allow by setting MOZ_REMOTE_SETTINGS_DEVTOOLS=1 in the environment\n[pid=28336][out] \n[pid=28336][out] Juggler listening to the pipe\n[pid=28336][out] console.error: \"Warning: unrecognized command line flag\" \"-foreground\"\n[pid=28336][out] console.error: \"Warning: unrecognized command line flag\" \"-height\"\n[pid=28336][err] JavaScript error: resource://gre/modules/ShortcutUtils.sys.mjs, line 143: TypeError: can't access property \"toUpperCase\", keyAttribute is null\n[pid=28336][err] JavaScript error: chrome://browser/content/tabbrowser/tabbrowser.js, line 7497: TypeError: can't access property \"preserveLayers\", this.selectedBrowser is undefined\n[pid=28336][err] JavaScript error: chrome://juggler/content/TargetRegistry.js, line 151: TypeError: can't access property \"browsingContext\", tab.linkedBrowser is undefined\n[pid=28336][err] JavaScript error: chrome://juggler/content/Helper.js, line 82: NS_ERROR_FAILURE: Component returned failure code: 0x80004005 (NS_ERROR_FAILURE) [nsIWebProgress.removeProgressListener]\n[pid=28336][err] JavaScript error: resource:///modules/sessionstore/SessionStore.sys.mjs, line 3192: TypeError: can't access property \"addEventListener\", browser is undefined\n[pid=28336][err] JavaScript error: chrome://browser/content/tabbrowser/tabbrowser.js, line 7558: TypeError: can't access property \"updateLastSeenActive\", this.selectedTab is undefined\n[pid=28336][out] console.error: (new TypeError(\"can't access property \\\"owner\\\", this.selectedTab is undefined\", \"chrome://browser/content/tabbrowser/tabbrowser.js\", 2880))\n[pid=28336][out] console.error: \"Error in processing browser-window-delayed-startup for TaskbarTabsPageAction.init\"\n[pid=28336][out] console.error: (new TypeError(\"can't access property \\\"currentURI\\\", this.selectedBrowser is undefined\", \"chrome://browser/content/tabbrowser/tabbrowser.js\", 680))\n[pid=28336][out] console.error: services.settings: \n[pid=28336][out]   Message: EmptyDatabaseError: \"main/nimbus-desktop-experiments\" has not been synced yet\n[pid=28336][out]   Stack:\n[pid=28336][out]     EmptyDatabaseError@resource://services-settings/Database.sys.mjs:19:5\n[pid=28336][out] list@resource://services-settings/Database.sys.mjs:96:13\n[pid=28336][out] \n[pid=28336][err] JavaScript error: chrome://juggler/content/Helper.js, line 82: NS_ERROR_FAILURE: Component returned failure code: 0x80004005 (NS_ERROR_FAILURE) [nsIWebProgress.removeProgressListener]\n[pid=28336][out] console.error: services.settings: \n[pid=28336][out]   Message: EmptyDatabaseError: \"main/nimbus-secure-experiments\" has not been synced yet\n[pid=28336][out]   Stack:\n[pid=28336][out]     EmptyDatabaseError@resource://services-settings/Database.sys.mjs:19:5\n[pid=28336][out] list@resource://services-settings/Database.sys.mjs:96:13\n[pid=28336][out] \n[pid=28336][out] console.warn: services.settings: #fetchAttachment: Forcing fallbackToDump to false due to Utils.LOAD_DUMPS being false\n[pid=28336][out] console.error: (new NotFoundError(\"Could not find fa0fc42c-d91d-fca7-34eb-806ff46062dc in cache or dump\", \"resource://services-settings/Attachments.sys.mjs\", 48))\n[pid=28336][out] console.warn: \"Unable to find the attachment for\" \"fa0fc42c-d91d-fca7-34eb-806ff46062dc\"\n[pid=28336][out] console.error: \"Error in processing browser-idle-startup for RFPHelper.init\"\n[pid=28336][out] console.error: (new TypeError(\"can't access property \\\"parentElement\\\", aBrowser is undefined\", \"resource://gre/modules/RFPHelper.sys.mjs\", 585))\n[pid=28336][err] JavaScript error: resource://gre/modules/BrowserTelemetryUtils.sys.mjs, line 38: TypeError: can't access property \"browsingContext\", browser is undefined\n[pid=28336][err] JavaScript error: resource://gre/modules/BrowserTelemetryUtils.sys.mjs, line 38: TypeError: can't access property \"browsingContext\", browser is undefined\n[pid=28336][err] JavaScript error: resource:///modules/asrouter/ASRouterTriggerListeners.sys.mjs, line 1494: TypeError: can't access property \"getTabBrowser\", browser is undefined\n[pid=28336][err] JavaScript error: chrome://browser/content/tabbrowser/tabbrowser.js, line 7558: TypeError: can't access property \"updateLastSeenActive\", this.selectedTab is undefined\n[pid=28336][err] JavaScript error: chrome://browser/content/tabbrowser/tabbrowser.js, line 7497: TypeError: can't access property \"preserveLayers\", this.selectedBrowser is undefined\n[pid=28336][err] JavaScript error: chrome://browser/content/tabbrowser/tabbrowser.js, line 7497: TypeError: can't access property \"preserveLayers\", this.selectedBrowser is undefined\n[pid=28336][err] JavaScript error: chrome://browser/content/tabbrowser/tabbrowser.js, line 7558: TypeError: can't access property \"updateLastSeenActive\", this.selectedTab is undefined\n[pid=28336][err] JavaScript error: chrome://browser/content/tabbrowser/tabbrowser.js, line 7497: TypeError: can't access property \"preserveLayers\", this.selectedBrowser is undefined\n[pid=28336][err] JavaScript error: chrome://browser/content/tabbrowser/tabbrowser.js, line 7497: TypeError: can't access property \"preserveLayers\", this.selectedBrowser is undefined\n[pid=28336][err] JavaScript error: chrome://browser/content/browser.js, line 3740: TypeError: can't access property \"isConnected\", browser is undefined\n[pid=28336][err] JavaScript error: chrome://browser/content/browser.js, line 3740: TypeError: can't access property \"isConnected\", browser is undefined\n[pid=28336][err] JavaScript error: chrome://browser/content/tabbrowser/tabbrowser.js, line 7497: TypeError: can't access property \"preserveLayers\", this.selectedBrowser is undefined\n[pid=28336][err] JavaScript error: chrome://browser/content/tabbrowser/tabbrowser.js, line 7497: TypeError: can't access property \"preserveLayers\", this.selectedBrowser is undefined","steps":[{"name":"Before Hooks","time":{"start":1765143721518},"status":"unknown","steps":[{"name":"Fixture \"browser\"","time":{"start":1765143721542,"stop":1765143722436,"duration":894},"status":"passed","steps":[{"name":"Launch browser","time":{"start":1765143721552,"stop":1765143722436,"duration":884},"status":"passed","steps":[],"attachments":[],"parameters":[],"stepsCount":0,"attachmentStep":false,"hasContent":false,"shouldDisplayMessage":false,"attachmentsCount":0}],"attachments":[],"parameters":[],"stepsCount":1,"attachmentStep":false,"hasContent":true,"shouldDisplayMessage":false,"attachmentsCount":0},{"name":"Fixture \"context\"","time":{"start":1765143722440,"stop":1765143722841,"duration":401},"status":"passed","steps":[{"name":"Create context","time":{"start":1765143722445,"stop":1765143722838,"duration":393},"status":"passed","steps":[],"attachments":[],"parameters":[],"stepsCount":0,"attachmentStep":false,"hasContent":false,"shouldDisplayMessage":false,"attachmentsCount":0}],"attachments":[],"parameters":[],"stepsCount":1,"attachmentStep":false,"hasContent":true,"shouldDisplayMessage":false,"attachmentsCount":0},{"name":"Fixture \"page\"","time":{"start":1765143722843,"stop":1765143751125,"duration":28282},"status":"failed","statusMessage":"Test timeout of 30000ms exceeded while setting up \"page\".","statusTrace":"Test timeout of 30000ms exceeded while setting up \"page\".","steps":[{"name":"Create page","time":{"start":1765143722849,"stop":1765143749805,"duration":26956},"status":"failed","statusMessage":"Test timeout of 30000ms exceeded while setting up \"page\".","statusTrace":"Test timeout of 30000ms exceeded while setting up \"page\".","steps":[],"attachments":[],"parameters":[],"stepsCount":0,"attachmentStep":false,"hasContent":true,"shouldDisplayMessage":true,"attachmentsCount":0}],"attachments":[],"parameters":[],"stepsCount":1,"attachmentStep":false,"hasContent":true,"shouldDisplayMessage":false,"attachmentsCount":0}],"attachments":[],"parameters":[],"stepsCount":6,"attachmentStep":false,"hasContent":true,"shouldDisplayMessage":false,"attachmentsCount":0},{"name":"After Hooks","time":{"start":1765143749800,"stop":1765143749884,"duration":84},"status":"failed","statusMessage":"Error: browserContext.close: Test ended.\nBrowser logs:\n\n<launching> C:\\Users\\USER\\AppData\\Local\\ms-playwright\\firefox-1497\\firefox\\firefox.exe -no-remote -wait-for-browser -foreground -profile C:\\Users\\USER\\AppData\\Local\\Temp\\playwright_firefoxdev_profile-XXXXXXVVAura -juggler-pipe -width=1520 -height=1080 -silent\n<launched> pid=28336\n[pid=28336][err] JavaScript warning: resource://services-settings/Utils.sys.mjs, line 116: unreachable code after return statement\n[pid=28336][out] console.warn: services.settings: Ignoring preference override of remote settings server\n[pid=28336][out] console.warn: services.settings: Allow by setting MOZ_REMOTE_SETTINGS_DEVTOOLS=1 in the environment\n[pid=28336][out] \n[pid=28336][out] Juggler listening to the pipe\n[pid=28336][out] console.error: \"Warning: unrecognized command line flag\" \"-foreground\"\n[pid=28336][out] console.error: \"Warning: unrecognized command line flag\" \"-height\"\n[pid=28336][err] JavaScript error: resource://gre/modules/ShortcutUtils.sys.mjs, line 143: TypeError: can't access property \"toUpperCase\", keyAttribute is null\n[pid=28336][err] JavaScript error: chrome://browser/content/tabbrowser/tabbrowser.js, line 7497: TypeError: can't access property \"preserveLayers\", this.selectedBrowser is undefined\n[pid=28336][err] JavaScript error: chrome://juggler/content/TargetRegistry.js, line 151: TypeError: can't access property \"browsingContext\", tab.linkedBrowser is undefined\n[pid=28336][err] JavaScript error: chrome://juggler/content/Helper.js, line 82: NS_ERROR_FAILURE: Component returned failure code: 0x80004005 (NS_ERROR_FAILURE) [nsIWebProgress.removeProgressListener]\n[pid=28336][err] JavaScript error: resource:///modules/sessionstore/SessionStore.sys.mjs, line 3192: TypeError: can't access property \"addEventListener\", browser is undefined\n[pid=28336][err] JavaScript error: chrome://browser/content/tabbrowser/tabbrowser.js, line 7558: TypeError: can't access property \"updateLastSeenActive\", this.selectedTab is undefined\n[pid=28336][out] console.error: (new TypeError(\"can't access property \\\"owner\\\", this.selectedTab is undefined\", \"chrome://browser/content/tabbrowser/tabbrowser.js\", 2880))\n[pid=28336][out] console.error: \"Error in processing browser-window-delayed-startup for TaskbarTabsPageAction.init\"\n[pid=28336][out] console.error: (new TypeError(\"can't access property \\\"currentURI\\\", this.selectedBrowser is undefined\", \"chrome://browser/content/tabbrowser/tabbrowser.js\", 680))\n[pid=28336][out] console.error: services.settings: \n[pid=28336][out]   Message: EmptyDatabaseError: \"main/nimbus-desktop-experiments\" has not been synced yet\n[pid=28336][out]   Stack:\n[pid=28336][out]     EmptyDatabaseError@resource://services-settings/Database.sys.mjs:19:5\n[pid=28336][out] list@resource://services-settings/Database.sys.mjs:96:13\n[pid=28336][out] \n[pid=28336][err] JavaScript error: chrome://juggler/content/Helper.js, line 82: NS_ERROR_FAILURE: Component returned failure code: 0x80004005 (NS_ERROR_FAILURE) [nsIWebProgress.removeProgressListener]\n[pid=28336][out] console.error: services.settings: \n[pid=28336][out]   Message: EmptyDatabaseError: \"main/nimbus-secure-experiments\" has not been synced yet\n[pid=28336][out]   Stack:\n[pid=28336][out]     EmptyDatabaseError@resource://services-settings/Database.sys.mjs:19:5\n[pid=28336][out] list@resource://services-settings/Database.sys.mjs:96:13\n[pid=28336][out] \n[pid=28336][out] console.warn: services.settings: #fetchAttachment: Forcing fallbackToDump to false due to Utils.LOAD_DUMPS being false\n[pid=28336][out] console.error: (new NotFoundError(\"Could not find fa0fc42c-d91d-fca7-34eb-806ff46062dc in cache or dump\", \"resource://services-settings/Attachments.sys.mjs\", 48))\n[pid=28336][out] console.warn: \"Unable to find the attachment for\" \"fa0fc42c-d91d-fca7-34eb-806ff46062dc\"\n[pid=28336][out] console.error: \"Error in processing browser-idle-startup for RFPHelper.init\"\n[pid=28336][out] console.error: (new TypeError(\"can't access property \\\"parentElement\\\", aBrowser is undefined\", \"resource://gre/modules/RFPHelper.sys.mjs\", 585))\n[pid=28336][err] JavaScript error: resource://gre/modules/BrowserTelemetryUtils.sys.mjs, line 38: TypeError: can't access property \"browsingContext\", browser is undefined\n[pid=28336][err] JavaScript error: resource://gre/modules/BrowserTelemetryUtils.sys.mjs, line 38: TypeError: can't access property \"browsingContext\", browser is undefined\n[pid=28336][err] JavaScript error: resource:///modules/asrouter/ASRouterTriggerListeners.sys.mjs, line 1494: TypeError: can't access property \"getTabBrowser\", browser is undefined\n[pid=28336][err] JavaScript error: chrome://browser/content/tabbrowser/tabbrowser.js, line 7558: TypeError: can't access property \"updateLastSeenActive\", this.selectedTab is undefined\n[pid=28336][err] JavaScript error: chrome://browser/content/tabbrowser/tabbrowser.js, line 7497: TypeError: can't access property \"preserveLayers\", this.selectedBrowser is undefined\n[pid=28336][err] JavaScript error: chrome://browser/content/tabbrowser/tabbrowser.js, line 7497: TypeError: can't access property \"preserveLayers\", this.selectedBrowser is undefined\n[pid=28336][err] JavaScript error: chrome://browser/content/tabbrowser/tabbrowser.js, line 7558: TypeError: can't access property \"updateLastSeenActive\", this.selectedTab is undefined\n[pid=28336][err] JavaScript error: chrome://browser/content/tabbrowser/tabbrowser.js, line 7497: TypeError: can't access property \"preserveLayers\", this.selectedBrowser is undefined\n[pid=28336][err] JavaScript error: chrome://browser/content/tabbrowser/tabbrowser.js, line 7497: TypeError: can't access property \"preserveLayers\", this.selectedBrowser is undefined\n[pid=28336][err] JavaScript error: chrome://browser/content/browser.js, line 3740: TypeError: can't access property \"isConnected\", browser is undefined\n[pid=28336][err] JavaScript error: chrome://browser/content/browser.js, line 3740: TypeError: can't access property \"isConnected\", browser is undefined\n[pid=28336][err] JavaScript error: chrome://browser/content/tabbrowser/tabbrowser.js, line 7497: TypeError: can't access property \"preserveLayers\", this.selectedBrowser is undefined\n[pid=28336][err] JavaScript error: chrome://browser/content/tabbrowser/tabbrowser.js, line 7497: TypeError: can't access property \"preserveLayers\", this.selectedBrowser is undefined","statusTrace":"Error: browserContext.close: Test ended.\nBrowser logs:\n\n<launching> C:\\Users\\USER\\AppData\\Local\\ms-playwright\\firefox-1497\\firefox\\firefox.exe -no-remote -wait-for-browser -foreground -profile C:\\Users\\USER\\AppData\\Local\\Temp\\playwright_firefoxdev_profile-XXXXXXVVAura -juggler-pipe -width=1520 -height=1080 -silent\n<launched> pid=28336\n[pid=28336][err] JavaScript warning: resource://services-settings/Utils.sys.mjs, line 116: unreachable code after return statement\n[pid=28336][out] console.warn: services.settings: Ignoring preference override of remote settings server\n[pid=28336][out] console.warn: services.settings: Allow by setting MOZ_REMOTE_SETTINGS_DEVTOOLS=1 in the environment\n[pid=28336][out] \n[pid=28336][out] Juggler listening to the pipe\n[pid=28336][out] console.error: \"Warning: unrecognized command line flag\" \"-foreground\"\n[pid=28336][out] console.error: \"Warning: unrecognized command line flag\" \"-height\"\n[pid=28336][err] JavaScript error: resource://gre/modules/ShortcutUtils.sys.mjs, line 143: TypeError: can't access property \"toUpperCase\", keyAttribute is null\n[pid=28336][err] JavaScript error: chrome://browser/content/tabbrowser/tabbrowser.js, line 7497: TypeError: can't access property \"preserveLayers\", this.selectedBrowser is undefined\n[pid=28336][err] JavaScript error: chrome://juggler/content/TargetRegistry.js, line 151: TypeError: can't access property \"browsingContext\", tab.linkedBrowser is undefined\n[pid=28336][err] JavaScript error: chrome://juggler/content/Helper.js, line 82: NS_ERROR_FAILURE: Component returned failure code: 0x80004005 (NS_ERROR_FAILURE) [nsIWebProgress.removeProgressListener]\n[pid=28336][err] JavaScript error: resource:///modules/sessionstore/SessionStore.sys.mjs, line 3192: TypeError: can't access property \"addEventListener\", browser is undefined\n[pid=28336][err] JavaScript error: chrome://browser/content/tabbrowser/tabbrowser.js, line 7558: TypeError: can't access property \"updateLastSeenActive\", this.selectedTab is undefined\n[pid=28336][out] console.error: (new TypeError(\"can't access property \\\"owner\\\", this.selectedTab is undefined\", \"chrome://browser/content/tabbrowser/tabbrowser.js\", 2880))\n[pid=28336][out] console.error: \"Error in processing browser-window-delayed-startup for TaskbarTabsPageAction.init\"\n[pid=28336][out] console.error: (new TypeError(\"can't access property \\\"currentURI\\\", this.selectedBrowser is undefined\", \"chrome://browser/content/tabbrowser/tabbrowser.js\", 680))\n[pid=28336][out] console.error: services.settings: \n[pid=28336][out]   Message: EmptyDatabaseError: \"main/nimbus-desktop-experiments\" has not been synced yet\n[pid=28336][out]   Stack:\n[pid=28336][out]     EmptyDatabaseError@resource://services-settings/Database.sys.mjs:19:5\n[pid=28336][out] list@resource://services-settings/Database.sys.mjs:96:13\n[pid=28336][out] \n[pid=28336][err] JavaScript error: chrome://juggler/content/Helper.js, line 82: NS_ERROR_FAILURE: Component returned failure code: 0x80004005 (NS_ERROR_FAILURE) [nsIWebProgress.removeProgressListener]\n[pid=28336][out] console.error: services.settings: \n[pid=28336][out]   Message: EmptyDatabaseError: \"main/nimbus-secure-experiments\" has not been synced yet\n[pid=28336][out]   Stack:\n[pid=28336][out]     EmptyDatabaseError@resource://services-settings/Database.sys.mjs:19:5\n[pid=28336][out] list@resource://services-settings/Database.sys.mjs:96:13\n[pid=28336][out] \n[pid=28336][out] console.warn: services.settings: #fetchAttachment: Forcing fallbackToDump to false due to Utils.LOAD_DUMPS being false\n[pid=28336][out] console.error: (new NotFoundError(\"Could not find fa0fc42c-d91d-fca7-34eb-806ff46062dc in cache or dump\", \"resource://services-settings/Attachments.sys.mjs\", 48))\n[pid=28336][out] console.warn: \"Unable to find the attachment for\" \"fa0fc42c-d91d-fca7-34eb-806ff46062dc\"\n[pid=28336][out] console.error: \"Error in processing browser-idle-startup for RFPHelper.init\"\n[pid=28336][out] console.error: (new TypeError(\"can't access property \\\"parentElement\\\", aBrowser is undefined\", \"resource://gre/modules/RFPHelper.sys.mjs\", 585))\n[pid=28336][err] JavaScript error: resource://gre/modules/BrowserTelemetryUtils.sys.mjs, line 38: TypeError: can't access property \"browsingContext\", browser is undefined\n[pid=28336][err] JavaScript error: resource://gre/modules/BrowserTelemetryUtils.sys.mjs, line 38: TypeError: can't access property \"browsingContext\", browser is undefined\n[pid=28336][err] JavaScript error: resource:///modules/asrouter/ASRouterTriggerListeners.sys.mjs, line 1494: TypeError: can't access property \"getTabBrowser\", browser is undefined\n[pid=28336][err] JavaScript error: chrome://browser/content/tabbrowser/tabbrowser.js, line 7558: TypeError: can't access property \"updateLastSeenActive\", this.selectedTab is undefined\n[pid=28336][err] JavaScript error: chrome://browser/content/tabbrowser/tabbrowser.js, line 7497: TypeError: can't access property \"preserveLayers\", this.selectedBrowser is undefined\n[pid=28336][err] JavaScript error: chrome://browser/content/tabbrowser/tabbrowser.js, line 7497: TypeError: can't access property \"preserveLayers\", this.selectedBrowser is undefined\n[pid=28336][err] JavaScript error: chrome://browser/content/tabbrowser/tabbrowser.js, line 7558: TypeError: can't access property \"updateLastSeenActive\", this.selectedTab is undefined\n[pid=28336][err] JavaScript error: chrome://browser/content/tabbrowser/tabbrowser.js, line 7497: TypeError: can't access property \"preserveLayers\", this.selectedBrowser is undefined\n[pid=28336][err] JavaScript error: chrome://browser/content/tabbrowser/tabbrowser.js, line 7497: TypeError: can't access property \"preserveLayers\", this.selectedBrowser is undefined\n[pid=28336][err] JavaScript error: chrome://browser/content/browser.js, line 3740: TypeError: can't access property \"isConnected\", browser is undefined\n[pid=28336][err] JavaScript error: chrome://browser/content/browser.js, line 3740: TypeError: can't access property \"isConnected\", browser is undefined\n[pid=28336][err] JavaScript error: chrome://browser/content/tabbrowser/tabbrowser.js, line 7497: TypeError: can't access property \"preserveLayers\", this.selectedBrowser is undefined\n[pid=28336][err] JavaScript error: chrome://browser/content/tabbrowser/tabbrowser.js, line 7497: TypeError: can't access property \"preserveLayers\", this.selectedBrowser is undefined","steps":[{"name":"Fixture \"page\"","time":{"start":1765143749802,"stop":1765143749802,"duration":0},"status":"passed","steps":[],"attachments":[],"parameters":[],"stepsCount":0,"attachmentStep":false,"hasContent":false,"shouldDisplayMessage":false,"attachmentsCount":0},{"name":"Fixture \"context\"","time":{"start":1765143749803,"stop":1765143749840,"duration":37},"status":"failed","statusMessage":"Error: browserContext.close: Test ended.\nBrowser logs:\n\n<launching> C:\\Users\\USER\\AppData\\Local\\ms-playwright\\firefox-1497\\firefox\\firefox.exe -no-remote -wait-for-browser -foreground -profile C:\\Users\\USER\\AppData\\Local\\Temp\\playwright_firefoxdev_profile-XXXXXXVVAura -juggler-pipe -width=1520 -height=1080 -silent\n<launched> pid=28336\n[pid=28336][err] JavaScript warning: resource://services-settings/Utils.sys.mjs, line 116: unreachable code after return statement\n[pid=28336][out] console.warn: services.settings: Ignoring preference override of remote settings server\n[pid=28336][out] console.warn: services.settings: Allow by setting MOZ_REMOTE_SETTINGS_DEVTOOLS=1 in the environment\n[pid=28336][out] \n[pid=28336][out] Juggler listening to the pipe\n[pid=28336][out] console.error: \"Warning: unrecognized command line flag\" \"-foreground\"\n[pid=28336][out] console.error: \"Warning: unrecognized command line flag\" \"-height\"\n[pid=28336][err] JavaScript error: resource://gre/modules/ShortcutUtils.sys.mjs, line 143: TypeError: can't access property \"toUpperCase\", keyAttribute is null\n[pid=28336][err] JavaScript error: chrome://browser/content/tabbrowser/tabbrowser.js, line 7497: TypeError: can't access property \"preserveLayers\", this.selectedBrowser is undefined\n[pid=28336][err] JavaScript error: chrome://juggler/content/TargetRegistry.js, line 151: TypeError: can't access property \"browsingContext\", tab.linkedBrowser is undefined\n[pid=28336][err] JavaScript error: chrome://juggler/content/Helper.js, line 82: NS_ERROR_FAILURE: Component returned failure code: 0x80004005 (NS_ERROR_FAILURE) [nsIWebProgress.removeProgressListener]\n[pid=28336][err] JavaScript error: resource:///modules/sessionstore/SessionStore.sys.mjs, line 3192: TypeError: can't access property \"addEventListener\", browser is undefined\n[pid=28336][err] JavaScript error: chrome://browser/content/tabbrowser/tabbrowser.js, line 7558: TypeError: can't access property \"updateLastSeenActive\", this.selectedTab is undefined\n[pid=28336][out] console.error: (new TypeError(\"can't access property \\\"owner\\\", this.selectedTab is undefined\", \"chrome://browser/content/tabbrowser/tabbrowser.js\", 2880))\n[pid=28336][out] console.error: \"Error in processing browser-window-delayed-startup for TaskbarTabsPageAction.init\"\n[pid=28336][out] console.error: (new TypeError(\"can't access property \\\"currentURI\\\", this.selectedBrowser is undefined\", \"chrome://browser/content/tabbrowser/tabbrowser.js\", 680))\n[pid=28336][out] console.error: services.settings: \n[pid=28336][out]   Message: EmptyDatabaseError: \"main/nimbus-desktop-experiments\" has not been synced yet\n[pid=28336][out]   Stack:\n[pid=28336][out]     EmptyDatabaseError@resource://services-settings/Database.sys.mjs:19:5\n[pid=28336][out] list@resource://services-settings/Database.sys.mjs:96:13\n[pid=28336][out] \n[pid=28336][err] JavaScript error: chrome://juggler/content/Helper.js, line 82: NS_ERROR_FAILURE: Component returned failure code: 0x80004005 (NS_ERROR_FAILURE) [nsIWebProgress.removeProgressListener]\n[pid=28336][out] console.error: services.settings: \n[pid=28336][out]   Message: EmptyDatabaseError: \"main/nimbus-secure-experiments\" has not been synced yet\n[pid=28336][out]   Stack:\n[pid=28336][out]     EmptyDatabaseError@resource://services-settings/Database.sys.mjs:19:5\n[pid=28336][out] list@resource://services-settings/Database.sys.mjs:96:13\n[pid=28336][out] \n[pid=28336][out] console.warn: services.settings: #fetchAttachment: Forcing fallbackToDump to false due to Utils.LOAD_DUMPS being false\n[pid=28336][out] console.error: (new NotFoundError(\"Could not find fa0fc42c-d91d-fca7-34eb-806ff46062dc in cache or dump\", \"resource://services-settings/Attachments.sys.mjs\", 48))\n[pid=28336][out] console.warn: \"Unable to find the attachment for\" \"fa0fc42c-d91d-fca7-34eb-806ff46062dc\"\n[pid=28336][out] console.error: \"Error in processing browser-idle-startup for RFPHelper.init\"\n[pid=28336][out] console.error: (new TypeError(\"can't access property \\\"parentElement\\\", aBrowser is undefined\", \"resource://gre/modules/RFPHelper.sys.mjs\", 585))\n[pid=28336][err] JavaScript error: resource://gre/modules/BrowserTelemetryUtils.sys.mjs, line 38: TypeError: can't access property \"browsingContext\", browser is undefined\n[pid=28336][err] JavaScript error: resource://gre/modules/BrowserTelemetryUtils.sys.mjs, line 38: TypeError: can't access property \"browsingContext\", browser is undefined\n[pid=28336][err] JavaScript error: resource:///modules/asrouter/ASRouterTriggerListeners.sys.mjs, line 1494: TypeError: can't access property \"getTabBrowser\", browser is undefined\n[pid=28336][err] JavaScript error: chrome://browser/content/tabbrowser/tabbrowser.js, line 7558: TypeError: can't access property \"updateLastSeenActive\", this.selectedTab is undefined\n[pid=28336][err] JavaScript error: chrome://browser/content/tabbrowser/tabbrowser.js, line 7497: TypeError: can't access property \"preserveLayers\", this.selectedBrowser is undefined\n[pid=28336][err] JavaScript error: chrome://browser/content/tabbrowser/tabbrowser.js, line 7497: TypeError: can't access property \"preserveLayers\", this.selectedBrowser is undefined\n[pid=28336][err] JavaScript error: chrome://browser/content/tabbrowser/tabbrowser.js, line 7558: TypeError: can't access property \"updateLastSeenActive\", this.selectedTab is undefined\n[pid=28336][err] JavaScript error: chrome://browser/content/tabbrowser/tabbrowser.js, line 7497: TypeError: can't access property \"preserveLayers\", this.selectedBrowser is undefined\n[pid=28336][err] JavaScript error: chrome://browser/content/tabbrowser/tabbrowser.js, line 7497: TypeError: can't access property \"preserveLayers\", this.selectedBrowser is undefined\n[pid=28336][err] JavaScript error: chrome://browser/content/browser.js, line 3740: TypeError: can't access property \"isConnected\", browser is undefined\n[pid=28336][err] JavaScript error: chrome://browser/content/browser.js, line 3740: TypeError: can't access property \"isConnected\", browser is undefined\n[pid=28336][err] JavaScript error: chrome://browser/content/tabbrowser/tabbrowser.js, line 7497: TypeError: can't access property \"preserveLayers\", this.selectedBrowser is undefined\n[pid=28336][err] JavaScript error: chrome://browser/content/tabbrowser/tabbrowser.js, line 7497: TypeError: can't access property \"preserveLayers\", this.selectedBrowser is undefined","statusTrace":"Error: browserContext.close: Test ended.\nBrowser logs:\n\n<launching> C:\\Users\\USER\\AppData\\Local\\ms-playwright\\firefox-1497\\firefox\\firefox.exe -no-remote -wait-for-browser -foreground -profile C:\\Users\\USER\\AppData\\Local\\Temp\\playwright_firefoxdev_profile-XXXXXXVVAura -juggler-pipe -width=1520 -height=1080 -silent\n<launched> pid=28336\n[pid=28336][err] JavaScript warning: resource://services-settings/Utils.sys.mjs, line 116: unreachable code after return statement\n[pid=28336][out] console.warn: services.settings: Ignoring preference override of remote settings server\n[pid=28336][out] console.warn: services.settings: Allow by setting MOZ_REMOTE_SETTINGS_DEVTOOLS=1 in the environment\n[pid=28336][out] \n[pid=28336][out] Juggler listening to the pipe\n[pid=28336][out] console.error: \"Warning: unrecognized command line flag\" \"-foreground\"\n[pid=28336][out] console.error: \"Warning: unrecognized command line flag\" \"-height\"\n[pid=28336][err] JavaScript error: resource://gre/modules/ShortcutUtils.sys.mjs, line 143: TypeError: can't access property \"toUpperCase\", keyAttribute is null\n[pid=28336][err] JavaScript error: chrome://browser/content/tabbrowser/tabbrowser.js, line 7497: TypeError: can't access property \"preserveLayers\", this.selectedBrowser is undefined\n[pid=28336][err] JavaScript error: chrome://juggler/content/TargetRegistry.js, line 151: TypeError: can't access property \"browsingContext\", tab.linkedBrowser is undefined\n[pid=28336][err] JavaScript error: chrome://juggler/content/Helper.js, line 82: NS_ERROR_FAILURE: Component returned failure code: 0x80004005 (NS_ERROR_FAILURE) [nsIWebProgress.removeProgressListener]\n[pid=28336][err] JavaScript error: resource:///modules/sessionstore/SessionStore.sys.mjs, line 3192: TypeError: can't access property \"addEventListener\", browser is undefined\n[pid=28336][err] JavaScript error: chrome://browser/content/tabbrowser/tabbrowser.js, line 7558: TypeError: can't access property \"updateLastSeenActive\", this.selectedTab is undefined\n[pid=28336][out] console.error: (new TypeError(\"can't access property \\\"owner\\\", this.selectedTab is undefined\", \"chrome://browser/content/tabbrowser/tabbrowser.js\", 2880))\n[pid=28336][out] console.error: \"Error in processing browser-window-delayed-startup for TaskbarTabsPageAction.init\"\n[pid=28336][out] console.error: (new TypeError(\"can't access property \\\"currentURI\\\", this.selectedBrowser is undefined\", \"chrome://browser/content/tabbrowser/tabbrowser.js\", 680))\n[pid=28336][out] console.error: services.settings: \n[pid=28336][out]   Message: EmptyDatabaseError: \"main/nimbus-desktop-experiments\" has not been synced yet\n[pid=28336][out]   Stack:\n[pid=28336][out]     EmptyDatabaseError@resource://services-settings/Database.sys.mjs:19:5\n[pid=28336][out] list@resource://services-settings/Database.sys.mjs:96:13\n[pid=28336][out] \n[pid=28336][err] JavaScript error: chrome://juggler/content/Helper.js, line 82: NS_ERROR_FAILURE: Component returned failure code: 0x80004005 (NS_ERROR_FAILURE) [nsIWebProgress.removeProgressListener]\n[pid=28336][out] console.error: services.settings: \n[pid=28336][out]   Message: EmptyDatabaseError: \"main/nimbus-secure-experiments\" has not been synced yet\n[pid=28336][out]   Stack:\n[pid=28336][out]     EmptyDatabaseError@resource://services-settings/Database.sys.mjs:19:5\n[pid=28336][out] list@resource://services-settings/Database.sys.mjs:96:13\n[pid=28336][out] \n[pid=28336][out] console.warn: services.settings: #fetchAttachment: Forcing fallbackToDump to false due to Utils.LOAD_DUMPS being false\n[pid=28336][out] console.error: (new NotFoundError(\"Could not find fa0fc42c-d91d-fca7-34eb-806ff46062dc in cache or dump\", \"resource://services-settings/Attachments.sys.mjs\", 48))\n[pid=28336][out] console.warn: \"Unable to find the attachment for\" \"fa0fc42c-d91d-fca7-34eb-806ff46062dc\"\n[pid=28336][out] console.error: \"Error in processing browser-idle-startup for RFPHelper.init\"\n[pid=28336][out] console.error: (new TypeError(\"can't access property \\\"parentElement\\\", aBrowser is undefined\", \"resource://gre/modules/RFPHelper.sys.mjs\", 585))\n[pid=28336][err] JavaScript error: resource://gre/modules/BrowserTelemetryUtils.sys.mjs, line 38: TypeError: can't access property \"browsingContext\", browser is undefined\n[pid=28336][err] JavaScript error: resource://gre/modules/BrowserTelemetryUtils.sys.mjs, line 38: TypeError: can't access property \"browsingContext\", browser is undefined\n[pid=28336][err] JavaScript error: resource:///modules/asrouter/ASRouterTriggerListeners.sys.mjs, line 1494: TypeError: can't access property \"getTabBrowser\", browser is undefined\n[pid=28336][err] JavaScript error: chrome://browser/content/tabbrowser/tabbrowser.js, line 7558: TypeError: can't access property \"updateLastSeenActive\", this.selectedTab is undefined\n[pid=28336][err] JavaScript error: chrome://browser/content/tabbrowser/tabbrowser.js, line 7497: TypeError: can't access property \"preserveLayers\", this.selectedBrowser is undefined\n[pid=28336][err] JavaScript error: chrome://browser/content/tabbrowser/tabbrowser.js, line 7497: TypeError: can't access property \"preserveLayers\", this.selectedBrowser is undefined\n[pid=28336][err] JavaScript error: chrome://browser/content/tabbrowser/tabbrowser.js, line 7558: TypeError: can't access property \"updateLastSeenActive\", this.selectedTab is undefined\n[pid=28336][err] JavaScript error: chrome://browser/content/tabbrowser/tabbrowser.js, line 7497: TypeError: can't access property \"preserveLayers\", this.selectedBrowser is undefined\n[pid=28336][err] JavaScript error: chrome://browser/content/tabbrowser/tabbrowser.js, line 7497: TypeError: can't access property \"preserveLayers\", this.selectedBrowser is undefined\n[pid=28336][err] JavaScript error: chrome://browser/content/browser.js, line 3740: TypeError: can't access property \"isConnected\", browser is undefined\n[pid=28336][err] JavaScript error: chrome://browser/content/browser.js, line 3740: TypeError: can't access property \"isConnected\", browser is undefined\n[pid=28336][err] JavaScript error: chrome://browser/content/tabbrowser/tabbrowser.js, line 7497: TypeError: can't access property \"preserveLayers\", this.selectedBrowser is undefined\n[pid=28336][err] JavaScript error: chrome://browser/content/tabbrowser/tabbrowser.js, line 7497: TypeError: can't access property \"preserveLayers\", this.selectedBrowser is undefined","steps":[{"name":"Close context","time":{"start":1765143749816,"stop":1765143749839,"duration":23},"status":"failed","statusMessage":"Error: browserContext.close: Test ended.\nBrowser logs:\n\n<launching> C:\\Users\\USER\\AppData\\Local\\ms-playwright\\firefox-1497\\firefox\\firefox.exe -no-remote -wait-for-browser -foreground -profile C:\\Users\\USER\\AppData\\Local\\Temp\\playwright_firefoxdev_profile-XXXXXXVVAura -juggler-pipe -width=1520 -height=1080 -silent\n<launched> pid=28336\n[pid=28336][err] JavaScript warning: resource://services-settings/Utils.sys.mjs, line 116: unreachable code after return statement\n[pid=28336][out] console.warn: services.settings: Ignoring preference override of remote settings server\n[pid=28336][out] console.warn: services.settings: Allow by setting MOZ_REMOTE_SETTINGS_DEVTOOLS=1 in the environment\n[pid=28336][out] \n[pid=28336][out] Juggler listening to the pipe\n[pid=28336][out] console.error: \"Warning: unrecognized command line flag\" \"-foreground\"\n[pid=28336][out] console.error: \"Warning: unrecognized command line flag\" \"-height\"\n[pid=28336][err] JavaScript error: resource://gre/modules/ShortcutUtils.sys.mjs, line 143: TypeError: can't access property \"toUpperCase\", keyAttribute is null\n[pid=28336][err] JavaScript error: chrome://browser/content/tabbrowser/tabbrowser.js, line 7497: TypeError: can't access property \"preserveLayers\", this.selectedBrowser is undefined\n[pid=28336][err] JavaScript error: chrome://juggler/content/TargetRegistry.js, line 151: TypeError: can't access property \"browsingContext\", tab.linkedBrowser is undefined\n[pid=28336][err] JavaScript error: chrome://juggler/content/Helper.js, line 82: NS_ERROR_FAILURE: Component returned failure code: 0x80004005 (NS_ERROR_FAILURE) [nsIWebProgress.removeProgressListener]\n[pid=28336][err] JavaScript error: resource:///modules/sessionstore/SessionStore.sys.mjs, line 3192: TypeError: can't access property \"addEventListener\", browser is undefined\n[pid=28336][err] JavaScript error: chrome://browser/content/tabbrowser/tabbrowser.js, line 7558: TypeError: can't access property \"updateLastSeenActive\", this.selectedTab is undefined\n[pid=28336][out] console.error: (new TypeError(\"can't access property \\\"owner\\\", this.selectedTab is undefined\", \"chrome://browser/content/tabbrowser/tabbrowser.js\", 2880))\n[pid=28336][out] console.error: \"Error in processing browser-window-delayed-startup for TaskbarTabsPageAction.init\"\n[pid=28336][out] console.error: (new TypeError(\"can't access property \\\"currentURI\\\", this.selectedBrowser is undefined\", \"chrome://browser/content/tabbrowser/tabbrowser.js\", 680))\n[pid=28336][out] console.error: services.settings: \n[pid=28336][out]   Message: EmptyDatabaseError: \"main/nimbus-desktop-experiments\" has not been synced yet\n[pid=28336][out]   Stack:\n[pid=28336][out]     EmptyDatabaseError@resource://services-settings/Database.sys.mjs:19:5\n[pid=28336][out] list@resource://services-settings/Database.sys.mjs:96:13\n[pid=28336][out] \n[pid=28336][err] JavaScript error: chrome://juggler/content/Helper.js, line 82: NS_ERROR_FAILURE: Component returned failure code: 0x80004005 (NS_ERROR_FAILURE) [nsIWebProgress.removeProgressListener]\n[pid=28336][out] console.error: services.settings: \n[pid=28336][out]   Message: EmptyDatabaseError: \"main/nimbus-secure-experiments\" has not been synced yet\n[pid=28336][out]   Stack:\n[pid=28336][out]     EmptyDatabaseError@resource://services-settings/Database.sys.mjs:19:5\n[pid=28336][out] list@resource://services-settings/Database.sys.mjs:96:13\n[pid=28336][out] \n[pid=28336][out] console.warn: services.settings: #fetchAttachment: Forcing fallbackToDump to false due to Utils.LOAD_DUMPS being false\n[pid=28336][out] console.error: (new NotFoundError(\"Could not find fa0fc42c-d91d-fca7-34eb-806ff46062dc in cache or dump\", \"resource://services-settings/Attachments.sys.mjs\", 48))\n[pid=28336][out] console.warn: \"Unable to find the attachment for\" \"fa0fc42c-d91d-fca7-34eb-806ff46062dc\"\n[pid=28336][out] console.error: \"Error in processing browser-idle-startup for RFPHelper.init\"\n[pid=28336][out] console.error: (new TypeError(\"can't access property \\\"parentElement\\\", aBrowser is undefined\", \"resource://gre/modules/RFPHelper.sys.mjs\", 585))\n[pid=28336][err] JavaScript error: resource://gre/modules/BrowserTelemetryUtils.sys.mjs, line 38: TypeError: can't access property \"browsingContext\", browser is undefined\n[pid=28336][err] JavaScript error: resource://gre/modules/BrowserTelemetryUtils.sys.mjs, line 38: TypeError: can't access property \"browsingContext\", browser is undefined\n[pid=28336][err] JavaScript error: resource:///modules/asrouter/ASRouterTriggerListeners.sys.mjs, line 1494: TypeError: can't access property \"getTabBrowser\", browser is undefined\n[pid=28336][err] JavaScript error: chrome://browser/content/tabbrowser/tabbrowser.js, line 7558: TypeError: can't access property \"updateLastSeenActive\", this.selectedTab is undefined\n[pid=28336][err] JavaScript error: chrome://browser/content/tabbrowser/tabbrowser.js, line 7497: TypeError: can't access property \"preserveLayers\", this.selectedBrowser is undefined\n[pid=28336][err] JavaScript error: chrome://browser/content/tabbrowser/tabbrowser.js, line 7497: TypeError: can't access property \"preserveLayers\", this.selectedBrowser is undefined\n[pid=28336][err] JavaScript error: chrome://browser/content/tabbrowser/tabbrowser.js, line 7558: TypeError: can't access property \"updateLastSeenActive\", this.selectedTab is undefined\n[pid=28336][err] JavaScript error: chrome://browser/content/tabbrowser/tabbrowser.js, line 7497: TypeError: can't access property \"preserveLayers\", this.selectedBrowser is undefined\n[pid=28336][err] JavaScript error: chrome://browser/content/tabbrowser/tabbrowser.js, line 7497: TypeError: can't access property \"preserveLayers\", this.selectedBrowser is undefined\n[pid=28336][err] JavaScript error: chrome://browser/content/browser.js, line 3740: TypeError: can't access property \"isConnected\", browser is undefined\n[pid=28336][err] JavaScript error: chrome://browser/content/browser.js, line 3740: TypeError: can't access property \"isConnected\", browser is undefined\n[pid=28336][err] JavaScript error: chrome://browser/content/tabbrowser/tabbrowser.js, line 7497: TypeError: can't access property \"preserveLayers\", this.selectedBrowser is undefined\n[pid=28336][err] JavaScript error: chrome://browser/content/tabbrowser/tabbrowser.js, line 7497: TypeError: can't access property \"preserveLayers\", this.selectedBrowser is undefined","statusTrace":"Error: browserContext.close: Test ended.\nBrowser logs:\n\n<launching> C:\\Users\\USER\\AppData\\Local\\ms-playwright\\firefox-1497\\firefox\\firefox.exe -no-remote -wait-for-browser -foreground -profile C:\\Users\\USER\\AppData\\Local\\Temp\\playwright_firefoxdev_profile-XXXXXXVVAura -juggler-pipe -width=1520 -height=1080 -silent\n<launched> pid=28336\n[pid=28336][err] JavaScript warning: resource://services-settings/Utils.sys.mjs, line 116: unreachable code after return statement\n[pid=28336][out] console.warn: services.settings: Ignoring preference override of remote settings server\n[pid=28336][out] console.warn: services.settings: Allow by setting MOZ_REMOTE_SETTINGS_DEVTOOLS=1 in the environment\n[pid=28336][out] \n[pid=28336][out] Juggler listening to the pipe\n[pid=28336][out] console.error: \"Warning: unrecognized command line flag\" \"-foreground\"\n[pid=28336][out] console.error: \"Warning: unrecognized command line flag\" \"-height\"\n[pid=28336][err] JavaScript error: resource://gre/modules/ShortcutUtils.sys.mjs, line 143: TypeError: can't access property \"toUpperCase\", keyAttribute is null\n[pid=28336][err] JavaScript error: chrome://browser/content/tabbrowser/tabbrowser.js, line 7497: TypeError: can't access property \"preserveLayers\", this.selectedBrowser is undefined\n[pid=28336][err] JavaScript error: chrome://juggler/content/TargetRegistry.js, line 151: TypeError: can't access property \"browsingContext\", tab.linkedBrowser is undefined\n[pid=28336][err] JavaScript error: chrome://juggler/content/Helper.js, line 82: NS_ERROR_FAILURE: Component returned failure code: 0x80004005 (NS_ERROR_FAILURE) [nsIWebProgress.removeProgressListener]\n[pid=28336][err] JavaScript error: resource:///modules/sessionstore/SessionStore.sys.mjs, line 3192: TypeError: can't access property \"addEventListener\", browser is undefined\n[pid=28336][err] JavaScript error: chrome://browser/content/tabbrowser/tabbrowser.js, line 7558: TypeError: can't access property \"updateLastSeenActive\", this.selectedTab is undefined\n[pid=28336][out] console.error: (new TypeError(\"can't access property \\\"owner\\\", this.selectedTab is undefined\", \"chrome://browser/content/tabbrowser/tabbrowser.js\", 2880))\n[pid=28336][out] console.error: \"Error in processing browser-window-delayed-startup for TaskbarTabsPageAction.init\"\n[pid=28336][out] console.error: (new TypeError(\"can't access property \\\"currentURI\\\", this.selectedBrowser is undefined\", \"chrome://browser/content/tabbrowser/tabbrowser.js\", 680))\n[pid=28336][out] console.error: services.settings: \n[pid=28336][out]   Message: EmptyDatabaseError: \"main/nimbus-desktop-experiments\" has not been synced yet\n[pid=28336][out]   Stack:\n[pid=28336][out]     EmptyDatabaseError@resource://services-settings/Database.sys.mjs:19:5\n[pid=28336][out] list@resource://services-settings/Database.sys.mjs:96:13\n[pid=28336][out] \n[pid=28336][err] JavaScript error: chrome://juggler/content/Helper.js, line 82: NS_ERROR_FAILURE: Component returned failure code: 0x80004005 (NS_ERROR_FAILURE) [nsIWebProgress.removeProgressListener]\n[pid=28336][out] console.error: services.settings: \n[pid=28336][out]   Message: EmptyDatabaseError: \"main/nimbus-secure-experiments\" has not been synced yet\n[pid=28336][out]   Stack:\n[pid=28336][out]     EmptyDatabaseError@resource://services-settings/Database.sys.mjs:19:5\n[pid=28336][out] list@resource://services-settings/Database.sys.mjs:96:13\n[pid=28336][out] \n[pid=28336][out] console.warn: services.settings: #fetchAttachment: Forcing fallbackToDump to false due to Utils.LOAD_DUMPS being false\n[pid=28336][out] console.error: (new NotFoundError(\"Could not find fa0fc42c-d91d-fca7-34eb-806ff46062dc in cache or dump\", \"resource://services-settings/Attachments.sys.mjs\", 48))\n[pid=28336][out] console.warn: \"Unable to find the attachment for\" \"fa0fc42c-d91d-fca7-34eb-806ff46062dc\"\n[pid=28336][out] console.error: \"Error in processing browser-idle-startup for RFPHelper.init\"\n[pid=28336][out] console.error: (new TypeError(\"can't access property \\\"parentElement\\\", aBrowser is undefined\", \"resource://gre/modules/RFPHelper.sys.mjs\", 585))\n[pid=28336][err] JavaScript error: resource://gre/modules/BrowserTelemetryUtils.sys.mjs, line 38: TypeError: can't access property \"browsingContext\", browser is undefined\n[pid=28336][err] JavaScript error: resource://gre/modules/BrowserTelemetryUtils.sys.mjs, line 38: TypeError: can't access property \"browsingContext\", browser is undefined\n[pid=28336][err] JavaScript error: resource:///modules/asrouter/ASRouterTriggerListeners.sys.mjs, line 1494: TypeError: can't access property \"getTabBrowser\", browser is undefined\n[pid=28336][err] JavaScript error: chrome://browser/content/tabbrowser/tabbrowser.js, line 7558: TypeError: can't access property \"updateLastSeenActive\", this.selectedTab is undefined\n[pid=28336][err] JavaScript error: chrome://browser/content/tabbrowser/tabbrowser.js, line 7497: TypeError: can't access property \"preserveLayers\", this.selectedBrowser is undefined\n[pid=28336][err] JavaScript error: chrome://browser/content/tabbrowser/tabbrowser.js, line 7497: TypeError: can't access property \"preserveLayers\", this.selectedBrowser is undefined\n[pid=28336][err] JavaScript error: chrome://browser/content/tabbrowser/tabbrowser.js, line 7558: TypeError: can't access property \"updateLastSeenActive\", this.selectedTab is undefined\n[pid=28336][err] JavaScript error: chrome://browser/content/tabbrowser/tabbrowser.js, line 7497: TypeError: can't access property \"preserveLayers\", this.selectedBrowser is undefined\n[pid=28336][err] JavaScript error: chrome://browser/content/tabbrowser/tabbrowser.js, line 7497: TypeError: can't access property \"preserveLayers\", this.selectedBrowser is undefined\n[pid=28336][err] JavaScript error: chrome://browser/content/browser.js, line 3740: TypeError: can't access property \"isConnected\", browser is undefined\n[pid=28336][err] JavaScript error: chrome://browser/content/browser.js, line 3740: TypeError: can't access property \"isConnected\", browser is undefined\n[pid=28336][err] JavaScript error: chrome://browser/content/tabbrowser/tabbrowser.js, line 7497: TypeError: can't access property \"preserveLayers\", this.selectedBrowser is undefined\n[pid=28336][err] JavaScript error: chrome://browser/content/tabbrowser/tabbrowser.js, line 7497: TypeError: can't access property \"preserveLayers\", this.selectedBrowser is undefined","steps":[],"attachments":[],"parameters":[],"stepsCount":0,"attachmentStep":false,"hasContent":true,"shouldDisplayMessage":true,"attachmentsCount":0}],"attachments":[],"parameters":[],"stepsCount":1,"attachmentStep":false,"hasContent":true,"shouldDisplayMessage":false,"attachmentsCount":0}],"attachments":[],"parameters":[],"stepsCount":3,"attachmentStep":false,"hasContent":true,"shouldDisplayMessage":false,"attachmentsCount":0}],"attachments":[],"parameters":[],"stepsCount":11,"attachmentStep":false,"hasContent":true,"shouldDisplayMessage":false,"attachmentsCount":0},"afterStages":[],"labels":[{"name":"language","value":"javascript"},{"name":"framework","value":"playwright"},{"name":"package","value":"assessment.spec.ts"},{"name":"titlePath","value":" > firefox > assessment.spec.ts > Assessment"},{"name":"host","value":"DESKTOP-FTL2TTS"},{"name":"thread","value":"pid-22812-worker-0"},{"name":"parentSuite","value":"firefox"},{"name":"suite","value":"assessment.spec.ts"},{"name":"subSuite","value":"Assessment"},{"name":"resultFormat","value":"allure2"}],"parameters":[{"name":"Project","value":"firefox"}],"links":[],"hidden":false,"retry":false,"extra":{"severity":"normal","retries":[{"uid":"a292f2bce07a35df","status":"broken","statusDetails":"Test timeout of 30000ms exceeded while setting up \"page\".","time":{"start":1765143679474,"stop":1765143709557,"duration":30083}}],"categories":[{"name":"Product defects","matchedStatuses":[]}],"tags":[]},"source":"b32841c34e7f152b.json","parameterValues":["firefox"]}